[0.482s] DEBUG:colcon:Command line arguments: ['/usr/bin/colcon', 'build', '--packages-select', 'ros2_client']
[0.482s] DEBUG:colcon:Parsed command line arguments: Namespace(log_base=None, log_level=None, verb_name='build', build_base='build', install_base='install', merge_install=False, symlink_install=False, test_result_base=None, continue_on_error=False, executor='parallel', parallel_workers=4, event_handlers=None, ignore_user_meta=False, metas=['./colcon.meta'], base_paths=['.'], packages_ignore=None, packages_ignore_regex=None, paths=None, packages_up_to=None, packages_up_to_regex=None, packages_above=None, packages_above_and_dependencies=None, packages_above_depth=None, packages_select_by_dep=None, packages_skip_by_dep=None, packages_skip_up_to=None, packages_select_build_failed=False, packages_skip_build_finished=False, packages_select_test_failures=False, packages_skip_test_passed=False, packages_select=['ros2_client'], packages_skip=None, packages_select_regex=None, packages_skip_regex=None, packages_start=None, packages_end=None, allow_overriding=[], cmake_args=None, cmake_target=None, cmake_target_skip_unavailable=False, cmake_clean_cache=False, cmake_clean_first=False, cmake_force_configure=False, ament_cmake_args=None, catkin_cmake_args=None, catkin_skip_building_tests=False, verb_parser=<colcon_defaults.argument_parser.defaults.DefaultArgumentsDecorator object at 0x70ab91ab7370>, verb_extension=<colcon_core.verb.build.BuildVerb object at 0x70ab91ab6f20>, main=<bound method BuildVerb.main of <colcon_core.verb.build.BuildVerb object at 0x70ab91ab6f20>>)
[0.964s] Level 1:colcon.colcon_core.package_discovery:discover_packages(colcon_meta) check parameters
[0.964s] Level 1:colcon.colcon_core.package_discovery:discover_packages(recursive) check parameters
[0.964s] Level 1:colcon.colcon_core.package_discovery:discover_packages(ignore) check parameters
[0.964s] Level 1:colcon.colcon_core.package_discovery:discover_packages(path) check parameters
[0.964s] Level 1:colcon.colcon_core.package_discovery:discover_packages(colcon_meta) discover
[0.964s] Level 1:colcon.colcon_core.package_discovery:discover_packages(recursive) discover
[0.964s] INFO:colcon.colcon_core.package_discovery:Crawling recursively for packages in '/home/ubuntu/Workspace/final_project/autonomous-driving-project/ros2_client'
[0.964s] Level 1:colcon.colcon_core.package_identification:_identify(.) by extensions ['ignore', 'ignore_ament_install']
[0.964s] Level 1:colcon.colcon_core.package_identification:_identify(.) by extension 'ignore'
[0.964s] Level 1:colcon.colcon_core.package_identification:_identify(.) by extension 'ignore_ament_install'
[0.964s] Level 1:colcon.colcon_core.package_identification:_identify(.) by extensions ['colcon_pkg']
[0.964s] Level 1:colcon.colcon_core.package_identification:_identify(.) by extension 'colcon_pkg'
[0.964s] Level 1:colcon.colcon_core.package_identification:_identify(.) by extensions ['colcon_meta']
[0.964s] Level 1:colcon.colcon_core.package_identification:_identify(.) by extension 'colcon_meta'
[0.964s] Level 1:colcon.colcon_core.package_identification:_identify(.) by extensions ['ros']
[0.965s] Level 1:colcon.colcon_core.package_identification:_identify(.) by extension 'ros'
[0.992s] DEBUG:colcon.colcon_core.package_identification:Package '.' with type 'ros.ament_python' and name 'ros2_client'
[0.992s] Level 1:colcon.colcon_core.package_discovery:discover_packages(recursive) using defaults
[0.992s] Level 1:colcon.colcon_core.package_discovery:discover_packages(ignore) discover
[0.992s] Level 1:colcon.colcon_core.package_discovery:discover_packages(ignore) using defaults
[0.992s] Level 1:colcon.colcon_core.package_discovery:discover_packages(path) discover
[0.992s] Level 1:colcon.colcon_core.package_discovery:discover_packages(path) using defaults
[1.047s] Level 1:colcon.colcon_core.package_discovery:discover_packages(prefix_path) check parameters
[1.048s] Level 1:colcon.colcon_core.package_discovery:discover_packages(prefix_path) discover
[1.054s] Level 1:colcon.colcon_core.package_discovery:discover_packages(prefix_path) using defaults
[1.060s] Level 5:colcon.colcon_core.verb:set package 'ros2_client' build argument 'cmake_args' from command line to 'None'
[1.060s] Level 5:colcon.colcon_core.verb:set package 'ros2_client' build argument 'cmake_target' from command line to 'None'
[1.060s] Level 5:colcon.colcon_core.verb:set package 'ros2_client' build argument 'cmake_target_skip_unavailable' from command line to 'False'
[1.060s] Level 5:colcon.colcon_core.verb:set package 'ros2_client' build argument 'cmake_clean_cache' from command line to 'False'
[1.060s] Level 5:colcon.colcon_core.verb:set package 'ros2_client' build argument 'cmake_clean_first' from command line to 'False'
[1.060s] Level 5:colcon.colcon_core.verb:set package 'ros2_client' build argument 'cmake_force_configure' from command line to 'False'
[1.061s] Level 5:colcon.colcon_core.verb:set package 'ros2_client' build argument 'ament_cmake_args' from command line to 'None'
[1.061s] Level 5:colcon.colcon_core.verb:set package 'ros2_client' build argument 'catkin_cmake_args' from command line to 'None'
[1.061s] Level 5:colcon.colcon_core.verb:set package 'ros2_client' build argument 'catkin_skip_building_tests' from command line to 'False'
[1.061s] DEBUG:colcon.colcon_core.verb:Building package 'ros2_client' with the following arguments: {'ament_cmake_args': None, 'build_base': '/home/ubuntu/Workspace/final_project/autonomous-driving-project/ros2_client/build/ros2_client', 'catkin_cmake_args': None, 'catkin_skip_building_tests': False, 'cmake_args': None, 'cmake_clean_cache': False, 'cmake_clean_first': False, 'cmake_force_configure': False, 'cmake_target': None, 'cmake_target_skip_unavailable': False, 'install_base': '/home/ubuntu/Workspace/final_project/autonomous-driving-project/ros2_client/install/ros2_client', 'merge_install': False, 'path': '/home/ubuntu/Workspace/final_project/autonomous-driving-project/ros2_client', 'symlink_install': False, 'test_result_base': None}
[1.061s] INFO:colcon.colcon_core.executor:Executing jobs using 'parallel' executor
[1.066s] DEBUG:colcon.colcon_parallel_executor.executor.parallel:run_until_complete
[1.067s] INFO:colcon.colcon_ros.task.ament_python.build:Building ROS package in '/home/ubuntu/Workspace/final_project/autonomous-driving-project/ros2_client' with build type 'ament_python'
[1.067s] Level 1:colcon.colcon_core.shell:create_environment_hook('ros2_client', 'ament_prefix_path')
[1.081s] INFO:colcon.colcon_core.plugin_system:Skipping extension 'colcon_core.shell.bat': Not used on non-Windows systems
[1.081s] INFO:colcon.colcon_core.shell:Creating environment hook '/home/ubuntu/Workspace/final_project/autonomous-driving-project/ros2_client/install/ros2_client/share/ros2_client/hook/ament_prefix_path.ps1'
[1.082s] INFO:colcon.colcon_core.shell:Creating environment descriptor '/home/ubuntu/Workspace/final_project/autonomous-driving-project/ros2_client/install/ros2_client/share/ros2_client/hook/ament_prefix_path.dsv'
[1.083s] INFO:colcon.colcon_core.shell:Creating environment hook '/home/ubuntu/Workspace/final_project/autonomous-driving-project/ros2_client/install/ros2_client/share/ros2_client/hook/ament_prefix_path.sh'
[1.086s] INFO:colcon.colcon_core.shell:Skip shell extension 'powershell' for command environment: Not usable outside of PowerShell
[1.086s] DEBUG:colcon.colcon_core.shell:Skip shell extension 'dsv' for command environment
[1.336s] INFO:colcon.colcon_core.task.python.build:Building Python package in '/home/ubuntu/Workspace/final_project/autonomous-driving-project/ros2_client'
[1.336s] INFO:colcon.colcon_core.shell:Skip shell extension 'powershell' for command environment: Not usable outside of PowerShell
[1.336s] DEBUG:colcon.colcon_core.shell:Skip shell extension 'dsv' for command environment
[2.227s] DEBUG:colcon.colcon_core.event_handler.log_command:Invoking command in '/home/ubuntu/Workspace/final_project/autonomous-driving-project/ros2_client': PYTHONPATH=/home/ubuntu/Workspace/final_project/autonomous-driving-project/ros2_client/build/ros2_client/prefix_override:/usr/lib/python3/dist-packages/colcon_core/task/python/colcon_distutils_commands:/home/ubuntu/Workspace/final_project/autonomous-driving-project/ros2_client/install/ros2_client/lib/python3.10/site-packages: /usr/bin/python3 -W ignore:setup.py install is deprecated -W ignore:easy_install command is deprecated setup.py egg_info --egg-base build/ros2_client build --build-base /home/ubuntu/Workspace/final_project/autonomous-driving-project/ros2_client/build/ros2_client/build install --record /home/ubuntu/Workspace/final_project/autonomous-driving-project/ros2_client/build/ros2_client/install.log --single-version-externally-managed install_data
[2.598s] DEBUG:colcon.colcon_core.event_handler.log_command:Invoked command in '/home/ubuntu/Workspace/final_project/autonomous-driving-project/ros2_client' returned '0': PYTHONPATH=/home/ubuntu/Workspace/final_project/autonomous-driving-project/ros2_client/build/ros2_client/prefix_override:/usr/lib/python3/dist-packages/colcon_core/task/python/colcon_distutils_commands:/home/ubuntu/Workspace/final_project/autonomous-driving-project/ros2_client/install/ros2_client/lib/python3.10/site-packages: /usr/bin/python3 -W ignore:setup.py install is deprecated -W ignore:easy_install command is deprecated setup.py egg_info --egg-base build/ros2_client build --build-base /home/ubuntu/Workspace/final_project/autonomous-driving-project/ros2_client/build/ros2_client/build install --record /home/ubuntu/Workspace/final_project/autonomous-driving-project/ros2_client/build/ros2_client/install.log --single-version-externally-managed install_data
[2.618s] Level 1:colcon.colcon_core.environment:checking '/home/ubuntu/Workspace/final_project/autonomous-driving-project/ros2_client/install/ros2_client' for CMake module files
[2.620s] Level 1:colcon.colcon_core.environment:checking '/home/ubuntu/Workspace/final_project/autonomous-driving-project/ros2_client/install/ros2_client' for CMake config files
[2.622s] Level 1:colcon.colcon_core.environment:checking '/home/ubuntu/Workspace/final_project/autonomous-driving-project/ros2_client/install/ros2_client/lib'
[2.622s] Level 1:colcon.colcon_core.environment:checking '/home/ubuntu/Workspace/final_project/autonomous-driving-project/ros2_client/install/ros2_client/bin'
[2.622s] Level 1:colcon.colcon_core.environment:checking '/home/ubuntu/Workspace/final_project/autonomous-driving-project/ros2_client/install/ros2_client/lib/pkgconfig/ros2_client.pc'
[2.623s] Level 1:colcon.colcon_core.environment:checking '/home/ubuntu/Workspace/final_project/autonomous-driving-project/ros2_client/install/ros2_client/lib/python3.10/site-packages'
[2.623s] Level 1:colcon.colcon_core.shell:create_environment_hook('ros2_client', 'pythonpath')
[2.624s] INFO:colcon.colcon_core.shell:Creating environment hook '/home/ubuntu/Workspace/final_project/autonomous-driving-project/ros2_client/install/ros2_client/share/ros2_client/hook/pythonpath.ps1'
[2.625s] INFO:colcon.colcon_core.shell:Creating environment descriptor '/home/ubuntu/Workspace/final_project/autonomous-driving-project/ros2_client/install/ros2_client/share/ros2_client/hook/pythonpath.dsv'
[2.626s] INFO:colcon.colcon_core.shell:Creating environment hook '/home/ubuntu/Workspace/final_project/autonomous-driving-project/ros2_client/install/ros2_client/share/ros2_client/hook/pythonpath.sh'
[2.628s] Level 1:colcon.colcon_core.environment:checking '/home/ubuntu/Workspace/final_project/autonomous-driving-project/ros2_client/install/ros2_client/bin'
[2.629s] Level 1:colcon.colcon_core.environment:create_environment_scripts_only(ros2_client)
[2.630s] INFO:colcon.colcon_core.shell:Creating package script '/home/ubuntu/Workspace/final_project/autonomous-driving-project/ros2_client/install/ros2_client/share/ros2_client/package.ps1'
[2.632s] INFO:colcon.colcon_core.shell:Creating package descriptor '/home/ubuntu/Workspace/final_project/autonomous-driving-project/ros2_client/install/ros2_client/share/ros2_client/package.dsv'
[2.633s] INFO:colcon.colcon_core.shell:Creating package script '/home/ubuntu/Workspace/final_project/autonomous-driving-project/ros2_client/install/ros2_client/share/ros2_client/package.sh'
[2.634s] INFO:colcon.colcon_core.shell:Creating package script '/home/ubuntu/Workspace/final_project/autonomous-driving-project/ros2_client/install/ros2_client/share/ros2_client/package.bash'
[2.635s] INFO:colcon.colcon_core.shell:Creating package script '/home/ubuntu/Workspace/final_project/autonomous-driving-project/ros2_client/install/ros2_client/share/ros2_client/package.zsh'
[2.636s] Level 1:colcon.colcon_core.environment:create_file_with_runtime_dependencies(/home/ubuntu/Workspace/final_project/autonomous-driving-project/ros2_client/install/ros2_client/share/colcon-core/packages/ros2_client)
[2.636s] DEBUG:colcon.colcon_parallel_executor.executor.parallel:closing loop
[2.637s] DEBUG:colcon.colcon_parallel_executor.executor.parallel:loop closed
[2.637s] DEBUG:colcon.colcon_parallel_executor.executor.parallel:run_until_complete finished with '0'
[2.637s] DEBUG:colcon.colcon_core.event_reactor:joining thread
[2.661s] INFO:colcon.colcon_core.plugin_system:Skipping extension 'colcon_notification.desktop_notification.terminal_notifier': Not used on non-Darwin systems
[2.661s] INFO:colcon.colcon_core.plugin_system:Skipping extension 'colcon_notification.desktop_notification.win32': Not used on non-Windows systems
[2.661s] INFO:colcon.colcon_notification.desktop_notification:Sending desktop notification using 'notify2'
[2.964s] DEBUG:colcon.colcon_core.event_reactor:joined thread
[2.965s] INFO:colcon.colcon_core.shell:Creating prefix script '/home/ubuntu/Workspace/final_project/autonomous-driving-project/ros2_client/install/local_setup.ps1'
[2.970s] INFO:colcon.colcon_core.shell:Creating prefix util module '/home/ubuntu/Workspace/final_project/autonomous-driving-project/ros2_client/install/_local_setup_util_ps1.py'
[2.981s] INFO:colcon.colcon_core.shell:Creating prefix chain script '/home/ubuntu/Workspace/final_project/autonomous-driving-project/ros2_client/install/setup.ps1'
[2.985s] INFO:colcon.colcon_core.shell:Creating prefix script '/home/ubuntu/Workspace/final_project/autonomous-driving-project/ros2_client/install/local_setup.sh'
[2.988s] INFO:colcon.colcon_core.shell:Creating prefix util module '/home/ubuntu/Workspace/final_project/autonomous-driving-project/ros2_client/install/_local_setup_util_sh.py'
[2.988s] INFO:colcon.colcon_core.shell:Creating prefix chain script '/home/ubuntu/Workspace/final_project/autonomous-driving-project/ros2_client/install/setup.sh'
[2.992s] INFO:colcon.colcon_core.shell:Creating prefix script '/home/ubuntu/Workspace/final_project/autonomous-driving-project/ros2_client/install/local_setup.bash'
[2.993s] INFO:colcon.colcon_core.shell:Creating prefix chain script '/home/ubuntu/Workspace/final_project/autonomous-driving-project/ros2_client/install/setup.bash'
[2.994s] INFO:colcon.colcon_core.shell:Creating prefix script '/home/ubuntu/Workspace/final_project/autonomous-driving-project/ros2_client/install/local_setup.zsh'
[2.995s] INFO:colcon.colcon_core.shell:Creating prefix chain script '/home/ubuntu/Workspace/final_project/autonomous-driving-project/ros2_client/install/setup.zsh'
