[0.020s] Invoking command in '/home/js/ros2_ws_c/build/tutorial_topic': CMAKE_PREFIX_PATH=${CMAKE_PREFIX_PATH}:/home/js/ros2_ws/install/my_package:/opt/ros/humble /usr/local/bin/cmake /home/js/ros2_ws_c/src/tutorial_topic -DCMAKE_EXPORT_COMPILE_COMMANDS=ON -DCMAKE_INSTALL_PREFIX=/home/js/ros2_ws_c/install/tutorial_topic
[0.038s] -- Found ament_cmake: 1.3.12 (/opt/ros/humble/share/ament_cmake/cmake)
[0.138s] -- Found rclcpp: 16.0.14 (/opt/ros/humble/share/rclcpp/cmake)
[0.156s] -- Found rosidl_generator_c: 3.1.7 (/opt/ros/humble/share/rosidl_generator_c/cmake)
[0.157s] -- Found rosidl_adapter: 3.1.7 (/opt/ros/humble/share/rosidl_adapter/cmake)
[0.161s] -- Found rosidl_generator_cpp: 3.1.7 (/opt/ros/humble/share/rosidl_generator_cpp/cmake)
[0.166s] -- Using all available rosidl_typesupport_c: rosidl_typesupport_fastrtps_c;rosidl_typesupport_introspection_c
[0.173s] -- Using all available rosidl_typesupport_cpp: rosidl_typesupport_fastrtps_cpp;rosidl_typesupport_introspection_cpp
[0.191s] -- Found rmw_implementation_cmake: 6.1.2 (/opt/ros/humble/share/rmw_implementation_cmake/cmake)
[0.192s] -- Found rmw_fastrtps_cpp: 6.2.8 (/opt/ros/humble/share/rmw_fastrtps_cpp/cmake)
[0.299s] -- Using RMW implementation 'rmw_fastrtps_cpp' as default
[0.330s] -- Found geometry_msgs: 4.9.0 (/opt/ros/humble/share/geometry_msgs/cmake)
[0.339s] -- Found ament_lint_auto: 0.12.14 (/opt/ros/humble/share/ament_lint_auto/cmake)
[0.389s] -- Added test 'cppcheck' to perform static code analysis on C / C++ code
[0.389s] -- Configured cppcheck include dirs: 
[0.389s] -- Configured cppcheck exclude dirs and/or files: 
[0.389s] -- Added test 'lint_cmake' to check CMake code style
[0.390s] -- Added test 'uncrustify' to check C / C++ code style
[0.390s] -- Configured uncrustify additional arguments: 
[0.390s] -- Added test 'xmllint' to check XML markup files
[0.391s] -- Configuring done
[0.395s] -- Generating done
[0.397s] -- Build files have been written to: /home/js/ros2_ws_c/build/tutorial_topic
[0.403s] Invoked command in '/home/js/ros2_ws_c/build/tutorial_topic' returned '0': CMAKE_PREFIX_PATH=${CMAKE_PREFIX_PATH}:/home/js/ros2_ws/install/my_package:/opt/ros/humble /usr/local/bin/cmake /home/js/ros2_ws_c/src/tutorial_topic -DCMAKE_EXPORT_COMPILE_COMMANDS=ON -DCMAKE_INSTALL_PREFIX=/home/js/ros2_ws_c/install/tutorial_topic
[0.404s] Invoking command in '/home/js/ros2_ws_c/build/tutorial_topic': CMAKE_PREFIX_PATH=${CMAKE_PREFIX_PATH}:/home/js/ros2_ws/install/my_package:/opt/ros/humble /usr/local/bin/cmake --build /home/js/ros2_ws_c/build/tutorial_topic -- -j16 -l16
[0.575s] [ 50%] [32mBuilding CXX object CMakeFiles/move_publisher.dir/src/move_publisher.cpp.o[0m
[2.647s] [100%] [32m[1mLinking CXX executable move_publisher[0m
[2.799s] [100%] Built target move_publisher
[2.819s] Invoked command in '/home/js/ros2_ws_c/build/tutorial_topic' returned '0': CMAKE_PREFIX_PATH=${CMAKE_PREFIX_PATH}:/home/js/ros2_ws/install/my_package:/opt/ros/humble /usr/local/bin/cmake --build /home/js/ros2_ws_c/build/tutorial_topic -- -j16 -l16
[2.832s] Invoking command in '/home/js/ros2_ws_c/build/tutorial_topic': CMAKE_PREFIX_PATH=${CMAKE_PREFIX_PATH}:/home/js/ros2_ws/install/my_package:/opt/ros/humble /usr/local/bin/cmake --install /home/js/ros2_ws_c/build/tutorial_topic
[2.844s] -- Install configuration: ""
[2.844s] -- Installing: /home/js/ros2_ws_c/install/tutorial_topic/lib/tutorial_topic/move_publisher
[2.846s] -- Set runtime path of "/home/js/ros2_ws_c/install/tutorial_topic/lib/tutorial_topic/move_publisher" to ""
[2.846s] -- Installing: /home/js/ros2_ws_c/install/tutorial_topic/share/ament_index/resource_index/package_run_dependencies/tutorial_topic
[2.846s] -- Installing: /home/js/ros2_ws_c/install/tutorial_topic/share/ament_index/resource_index/parent_prefix_path/tutorial_topic
[2.846s] -- Installing: /home/js/ros2_ws_c/install/tutorial_topic/share/tutorial_topic/environment/ament_prefix_path.sh
[2.846s] -- Installing: /home/js/ros2_ws_c/install/tutorial_topic/share/tutorial_topic/environment/ament_prefix_path.dsv
[2.847s] -- Installing: /home/js/ros2_ws_c/install/tutorial_topic/share/tutorial_topic/environment/path.sh
[2.847s] -- Installing: /home/js/ros2_ws_c/install/tutorial_topic/share/tutorial_topic/environment/path.dsv
[2.847s] -- Installing: /home/js/ros2_ws_c/install/tutorial_topic/share/tutorial_topic/local_setup.bash
[2.847s] -- Installing: /home/js/ros2_ws_c/install/tutorial_topic/share/tutorial_topic/local_setup.sh
[2.847s] -- Installing: /home/js/ros2_ws_c/install/tutorial_topic/share/tutorial_topic/local_setup.zsh
[2.847s] -- Installing: /home/js/ros2_ws_c/install/tutorial_topic/share/tutorial_topic/local_setup.dsv
[2.847s] -- Installing: /home/js/ros2_ws_c/install/tutorial_topic/share/tutorial_topic/package.dsv
[2.848s] -- Installing: /home/js/ros2_ws_c/install/tutorial_topic/share/ament_index/resource_index/packages/tutorial_topic
[2.848s] -- Installing: /home/js/ros2_ws_c/install/tutorial_topic/share/tutorial_topic/cmake/tutorial_topicConfig.cmake
[2.848s] -- Installing: /home/js/ros2_ws_c/install/tutorial_topic/share/tutorial_topic/cmake/tutorial_topicConfig-version.cmake
[2.848s] -- Installing: /home/js/ros2_ws_c/install/tutorial_topic/share/tutorial_topic/package.xml
[2.853s] Invoked command in '/home/js/ros2_ws_c/build/tutorial_topic' returned '0': CMAKE_PREFIX_PATH=${CMAKE_PREFIX_PATH}:/home/js/ros2_ws/install/my_package:/opt/ros/humble /usr/local/bin/cmake --install /home/js/ros2_ws_c/build/tutorial_topic
