[0.007s] Invoking command in '/home/js/ros2_ws_c/build/my_cpp_package': CMAKE_PREFIX_PATH=/home/js/ros2_ws/install/my_package:/opt/ros/humble /usr/local/bin/cmake --build /home/js/ros2_ws_c/build/my_cpp_package -- -j16 -l16
[0.017s] -- Found ament_cmake: 1.3.12 (/opt/ros/humble/share/ament_cmake/cmake)
[0.088s] -- Found rclcpp: 16.0.14 (/opt/ros/humble/share/rclcpp/cmake)
[0.104s] -- Found rosidl_generator_c: 3.1.7 (/opt/ros/humble/share/rosidl_generator_c/cmake)
[0.105s] -- Found rosidl_adapter: 3.1.7 (/opt/ros/humble/share/rosidl_adapter/cmake)
[0.109s] -- Found rosidl_generator_cpp: 3.1.7 (/opt/ros/humble/share/rosidl_generator_cpp/cmake)
[0.115s] -- Using all available rosidl_typesupport_c: rosidl_typesupport_fastrtps_c;rosidl_typesupport_introspection_c
[0.123s] -- Using all available rosidl_typesupport_cpp: rosidl_typesupport_fastrtps_cpp;rosidl_typesupport_introspection_cpp
[0.141s] -- Found rmw_implementation_cmake: 6.1.2 (/opt/ros/humble/share/rmw_implementation_cmake/cmake)
[0.142s] -- Found rmw_fastrtps_cpp: 6.2.8 (/opt/ros/humble/share/rmw_fastrtps_cpp/cmake)
[0.221s] -- Using RMW implementation 'rmw_fastrtps_cpp' as default
[0.250s] -- Found ament_lint_auto: 0.12.14 (/opt/ros/humble/share/ament_lint_auto/cmake)
[0.288s] -- Added test 'cppcheck' to perform static code analysis on C / C++ code
[0.288s] -- Configured cppcheck include dirs: 
[0.289s] -- Configured cppcheck exclude dirs and/or files: 
[0.289s] -- Added test 'lint_cmake' to check CMake code style
[0.289s] -- Added test 'uncrustify' to check C / C++ code style
[0.289s] -- Configured uncrustify additional arguments: 
[0.289s] -- Added test 'xmllint' to check XML markup files
[0.290s] -- Configuring done
[0.291s] [31mCMake Error at CMakeLists.txt:13 (add_executable):
[0.291s]   Cannot find source file:
[0.291s] 
[0.291s]     src/timer_node.cpp
[0.291s] 
[0.291s]   Tried extensions .c .C .c++ .cc .cpp .cxx .cu .mpp .m .M .mm .ixx .cppm .h
[0.291s]   .hh .h++ .hm .hpp .hxx .in .txx .f .F .for .f77 .f90 .f95 .f03 .hip .ispc
[0.291s] 
[0.291s] [0m
[0.291s] [31mCMake Error at CMakeLists.txt:13 (add_executable):
[0.291s]   No SOURCES given to target: timer_node
[0.291s] 
[0.291s] [0m
[0.291s] [0mCMake Generate step failed.  Build files cannot be regenerated correctly.[0m
[0.295s] gmake: *** [Makefile:226: cmake_check_build_system] Error 1
[0.296s] Invoked command in '/home/js/ros2_ws_c/build/my_cpp_package' returned '2': CMAKE_PREFIX_PATH=/home/js/ros2_ws/install/my_package:/opt/ros/humble /usr/local/bin/cmake --build /home/js/ros2_ws_c/build/my_cpp_package -- -j16 -l16
