-- The C compiler identification is GNU 13.1.0
-- The CXX compiler identification is GNU 13.1.0
-- Detecting C compiler ABI info
-- Detecting C compiler ABI info - done
-- Check for working C compiler: /usr/bin/cc - skipped
-- Detecting C compile features
-- Detecting C compile features - done
-- Detecting CXX compiler ABI info
-- Detecting CXX compiler ABI info - done
-- Check for working CXX compiler: /usr/bin/c++ - skipped
-- Detecting CXX compile features
-- Detecting CXX compile features - done
-- Found ament_cmake: 1.3.12 (/opt/ros/humble/share/ament_cmake/cmake)
-- Found Python3: /usr/bin/python3 (found version "3.10.12") found components: Interpreter 
-- Override CMake install command with custom implementation using symlinks instead of copying resources
-- Found rclcpp: 16.0.14 (/opt/ros/humble/share/rclcpp/cmake)
-- Found rosidl_generator_c: 3.1.7 (/opt/ros/humble/share/rosidl_generator_c/cmake)
-- Found rosidl_adapter: 3.1.7 (/opt/ros/humble/share/rosidl_adapter/cmake)
-- Found rosidl_generator_cpp: 3.1.7 (/opt/ros/humble/share/rosidl_generator_cpp/cmake)
-- Using all available rosidl_typesupport_c: rosidl_typesupport_fastrtps_c;rosidl_typesupport_introspection_c
-- Using all available rosidl_typesupport_cpp: rosidl_typesupport_fastrtps_cpp;rosidl_typesupport_introspection_cpp
-- Found rmw_implementation_cmake: 6.1.2 (/opt/ros/humble/share/rmw_implementation_cmake/cmake)
-- Found rmw_fastrtps_cpp: 6.2.8 (/opt/ros/humble/share/rmw_fastrtps_cpp/cmake)
-- Found OpenSSL: /usr/lib/x86_64-linux-gnu/libcrypto.so (found version "3.0.2")  
-- Found FastRTPS: /opt/ros/humble/include  
-- Using RMW implementation 'rmw_fastrtps_cpp' as default
-- Looking for pthread.h
-- Looking for pthread.h - found
-- Performing Test CMAKE_HAVE_LIBC_PTHREAD
-- Performing Test CMAKE_HAVE_LIBC_PTHREAD - Success
-- Found Threads: TRUE  
-- Found custom_interfaces: 0.0.0 (/home/js/ros2_ws_c/install/custom_interfaces/share/custom_interfaces/cmake)
-- Found ament_lint_auto: 0.12.14 (/opt/ros/humble/share/ament_lint_auto/cmake)
-- Added test 'cppcheck' to perform static code analysis on C / C++ code
-- Configured cppcheck include dirs: 
-- Configured cppcheck exclude dirs and/or files: 
-- Added test 'lint_cmake' to check CMake code style
-- Added test 'uncrustify' to check C / C++ code style
-- Configured uncrustify additional arguments: 
-- Added test 'xmllint' to check XML markup files
-- Configuring done
[33mCMake Warning (dev) at CMakeLists.txt:13 (add_executable):
  Policy CMP0115 is not set: Source file extensions must be explicit.  Run
  "cmake --help-policy CMP0115" for policy details.  Use the cmake_policy
  command to set the policy and suppress this warning.

  File:

    /home/js/ros2_ws_c/src/custom_interfaces_example/src/robot_status_publisher.cpp
This warning is for project developers.  Use -Wno-dev to suppress it.
[0m
-- Generating done
-- Build files have been written to: /home/js/ros2_ws_c/build/custom_interfaces_example
[ 50%] [32mBuilding CXX object CMakeFiles/robot_status_publisher.dir/src/robot_status_publisher.cpp.o[0m
[100%] [32m[1mLinking CXX executable robot_status_publisher[0m
[100%] Built target robot_status_publisher
-- Install configuration: ""
-- Execute custom install script
-- Symlinking: /home/js/ros2_ws_c/install/custom_interfaces_example/lib/custom_interfaces_example/robot_status_publisher
-- Symlinking: /home/js/ros2_ws_c/install/custom_interfaces_example/share/ament_index/resource_index/package_run_dependencies/custom_interfaces_example
-- Symlinking: /home/js/ros2_ws_c/install/custom_interfaces_example/share/ament_index/resource_index/parent_prefix_path/custom_interfaces_example
-- Symlinking: /home/js/ros2_ws_c/install/custom_interfaces_example/share/custom_interfaces_example/environment/ament_prefix_path.sh
-- Symlinking: /home/js/ros2_ws_c/install/custom_interfaces_example/share/custom_interfaces_example/environment/ament_prefix_path.dsv
-- Symlinking: /home/js/ros2_ws_c/install/custom_interfaces_example/share/custom_interfaces_example/environment/path.sh
-- Symlinking: /home/js/ros2_ws_c/install/custom_interfaces_example/share/custom_interfaces_example/environment/path.dsv
-- Symlinking: /home/js/ros2_ws_c/install/custom_interfaces_example/share/custom_interfaces_example/local_setup.bash
-- Symlinking: /home/js/ros2_ws_c/install/custom_interfaces_example/share/custom_interfaces_example/local_setup.sh
-- Symlinking: /home/js/ros2_ws_c/install/custom_interfaces_example/share/custom_interfaces_example/local_setup.zsh
-- Symlinking: /home/js/ros2_ws_c/install/custom_interfaces_example/share/custom_interfaces_example/local_setup.dsv
-- Symlinking: /home/js/ros2_ws_c/install/custom_interfaces_example/share/custom_interfaces_example/package.dsv
-- Symlinking: /home/js/ros2_ws_c/install/custom_interfaces_example/share/ament_index/resource_index/packages/custom_interfaces_example
-- Symlinking: /home/js/ros2_ws_c/install/custom_interfaces_example/share/custom_interfaces_example/cmake/custom_interfaces_exampleConfig.cmake
-- Symlinking: /home/js/ros2_ws_c/install/custom_interfaces_example/share/custom_interfaces_example/cmake/custom_interfaces_exampleConfig-version.cmake
-- Symlinking: /home/js/ros2_ws_c/install/custom_interfaces_example/share/custom_interfaces_example/package.xml
