[0.040s] Invoking command in '/home/js/ros2_ws_c/build/custom_interfaces_example': CMAKE_PREFIX_PATH=${CMAKE_PREFIX_PATH}:/home/js/ros2_ws/install/my_package:/opt/ros/humble /usr/local/bin/cmake /home/js/ros2_ws_c/src/custom_interfaces_example -DCMAKE_EXPORT_COMPILE_COMMANDS=ON -DAMENT_CMAKE_SYMLINK_INSTALL=1 -DCMAKE_INSTALL_PREFIX=/home/js/ros2_ws_c/install/custom_interfaces_example
[0.136s] -- The C compiler identification is GNU 13.1.0
[0.216s] -- The CXX compiler identification is GNU 13.1.0
[0.226s] -- Detecting C compiler ABI info
[0.356s] -- Detecting C compiler ABI info - done
[0.361s] -- Check for working C compiler: /usr/bin/cc - skipped
[0.361s] -- Detecting C compile features
[0.361s] -- Detecting C compile features - done
[0.363s] -- Detecting CXX compiler ABI info
[0.497s] -- Detecting CXX compiler ABI info - done
[0.502s] -- Check for working CXX compiler: /usr/bin/c++ - skipped
[0.502s] -- Detecting CXX compile features
[0.503s] -- Detecting CXX compile features - done
[0.504s] -- Found ament_cmake: 1.3.12 (/opt/ros/humble/share/ament_cmake/cmake)
[0.634s] -- Found Python3: /usr/bin/python3 (found version "3.10.12") found components: Interpreter 
[0.691s] -- Override CMake install command with custom implementation using symlinks instead of copying resources
[0.718s] -- Found rclcpp: 16.0.14 (/opt/ros/humble/share/rclcpp/cmake)
[0.747s] -- Found rosidl_generator_c: 3.1.7 (/opt/ros/humble/share/rosidl_generator_c/cmake)
[0.750s] -- Found rosidl_adapter: 3.1.7 (/opt/ros/humble/share/rosidl_adapter/cmake)
[0.756s] -- Found rosidl_generator_cpp: 3.1.7 (/opt/ros/humble/share/rosidl_generator_cpp/cmake)
[0.764s] -- Using all available rosidl_typesupport_c: rosidl_typesupport_fastrtps_c;rosidl_typesupport_introspection_c
[0.775s] -- Using all available rosidl_typesupport_cpp: rosidl_typesupport_fastrtps_cpp;rosidl_typesupport_introspection_cpp
[0.805s] -- Found rmw_implementation_cmake: 6.1.2 (/opt/ros/humble/share/rmw_implementation_cmake/cmake)
[0.807s] -- Found rmw_fastrtps_cpp: 6.2.8 (/opt/ros/humble/share/rmw_fastrtps_cpp/cmake)
[1.004s] -- Found OpenSSL: /usr/lib/x86_64-linux-gnu/libcrypto.so (found version "3.0.2")  
[1.034s] -- Found FastRTPS: /opt/ros/humble/include  
[1.082s] -- Using RMW implementation 'rmw_fastrtps_cpp' as default
[1.089s] -- Looking for pthread.h
[1.230s] -- Looking for pthread.h - found
[1.230s] -- Performing Test CMAKE_HAVE_LIBC_PTHREAD
[1.369s] -- Performing Test CMAKE_HAVE_LIBC_PTHREAD - Success
[1.370s] -- Found Threads: TRUE  
[1.409s] -- Found custom_interfaces: 0.0.0 (/home/js/ros2_ws_c/install/custom_interfaces/share/custom_interfaces/cmake)
[1.417s] -- Found ament_lint_auto: 0.12.14 (/opt/ros/humble/share/ament_lint_auto/cmake)
[1.475s] -- Added test 'cppcheck' to perform static code analysis on C / C++ code
[1.475s] -- Configured cppcheck include dirs: 
[1.475s] -- Configured cppcheck exclude dirs and/or files: 
[1.475s] -- Added test 'lint_cmake' to check CMake code style
[1.476s] -- Added test 'uncrustify' to check C / C++ code style
[1.476s] -- Configured uncrustify additional arguments: 
[1.476s] -- Added test 'xmllint' to check XML markup files
[1.477s] -- Configuring done
[1.478s] [33mCMake Warning (dev) at CMakeLists.txt:13 (add_executable):
[1.478s]   Policy CMP0115 is not set: Source file extensions must be explicit.  Run
[1.478s]   "cmake --help-policy CMP0115" for policy details.  Use the cmake_policy
[1.478s]   command to set the policy and suppress this warning.
[1.478s] 
[1.478s]   File:
[1.478s] 
[1.478s]     /home/js/ros2_ws_c/src/custom_interfaces_example/src/robot_status_publisher.cpp
[1.478s] This warning is for project developers.  Use -Wno-dev to suppress it.
[1.478s] [0m
[1.482s] -- Generating done
[1.485s] -- Build files have been written to: /home/js/ros2_ws_c/build/custom_interfaces_example
[1.492s] Invoked command in '/home/js/ros2_ws_c/build/custom_interfaces_example' returned '0': CMAKE_PREFIX_PATH=${CMAKE_PREFIX_PATH}:/home/js/ros2_ws/install/my_package:/opt/ros/humble /usr/local/bin/cmake /home/js/ros2_ws_c/src/custom_interfaces_example -DCMAKE_EXPORT_COMPILE_COMMANDS=ON -DAMENT_CMAKE_SYMLINK_INSTALL=1 -DCMAKE_INSTALL_PREFIX=/home/js/ros2_ws_c/install/custom_interfaces_example
[1.494s] Invoking command in '/home/js/ros2_ws_c/build/custom_interfaces_example': CMAKE_PREFIX_PATH=${CMAKE_PREFIX_PATH}:/home/js/ros2_ws/install/my_package:/opt/ros/humble /usr/local/bin/cmake --build /home/js/ros2_ws_c/build/custom_interfaces_example -- -j16 -l16
[1.591s] [ 50%] [32mBuilding CXX object CMakeFiles/robot_status_publisher.dir/src/robot_status_publisher.cpp.o[0m
[4.073s] [100%] [32m[1mLinking CXX executable robot_status_publisher[0m
[4.226s] [100%] Built target robot_status_publisher
[4.239s] Invoked command in '/home/js/ros2_ws_c/build/custom_interfaces_example' returned '0': CMAKE_PREFIX_PATH=${CMAKE_PREFIX_PATH}:/home/js/ros2_ws/install/my_package:/opt/ros/humble /usr/local/bin/cmake --build /home/js/ros2_ws_c/build/custom_interfaces_example -- -j16 -l16
[4.251s] Invoking command in '/home/js/ros2_ws_c/build/custom_interfaces_example': CMAKE_PREFIX_PATH=${CMAKE_PREFIX_PATH}:/home/js/ros2_ws/install/my_package:/opt/ros/humble /usr/local/bin/cmake --install /home/js/ros2_ws_c/build/custom_interfaces_example
[4.260s] -- Install configuration: ""
[4.260s] -- Execute custom install script
[4.261s] -- Symlinking: /home/js/ros2_ws_c/install/custom_interfaces_example/lib/custom_interfaces_example/robot_status_publisher
[4.268s] -- Symlinking: /home/js/ros2_ws_c/install/custom_interfaces_example/share/ament_index/resource_index/package_run_dependencies/custom_interfaces_example
[4.276s] -- Symlinking: /home/js/ros2_ws_c/install/custom_interfaces_example/share/ament_index/resource_index/parent_prefix_path/custom_interfaces_example
[4.286s] -- Symlinking: /home/js/ros2_ws_c/install/custom_interfaces_example/share/custom_interfaces_example/environment/ament_prefix_path.sh
[4.296s] -- Symlinking: /home/js/ros2_ws_c/install/custom_interfaces_example/share/custom_interfaces_example/environment/ament_prefix_path.dsv
[4.306s] -- Symlinking: /home/js/ros2_ws_c/install/custom_interfaces_example/share/custom_interfaces_example/environment/path.sh
[4.317s] -- Symlinking: /home/js/ros2_ws_c/install/custom_interfaces_example/share/custom_interfaces_example/environment/path.dsv
[4.332s] -- Symlinking: /home/js/ros2_ws_c/install/custom_interfaces_example/share/custom_interfaces_example/local_setup.bash
[4.341s] -- Symlinking: /home/js/ros2_ws_c/install/custom_interfaces_example/share/custom_interfaces_example/local_setup.sh
[4.354s] -- Symlinking: /home/js/ros2_ws_c/install/custom_interfaces_example/share/custom_interfaces_example/local_setup.zsh
[4.362s] -- Symlinking: /home/js/ros2_ws_c/install/custom_interfaces_example/share/custom_interfaces_example/local_setup.dsv
[4.370s] -- Symlinking: /home/js/ros2_ws_c/install/custom_interfaces_example/share/custom_interfaces_example/package.dsv
[4.381s] -- Symlinking: /home/js/ros2_ws_c/install/custom_interfaces_example/share/ament_index/resource_index/packages/custom_interfaces_example
[4.391s] -- Symlinking: /home/js/ros2_ws_c/install/custom_interfaces_example/share/custom_interfaces_example/cmake/custom_interfaces_exampleConfig.cmake
[4.400s] -- Symlinking: /home/js/ros2_ws_c/install/custom_interfaces_example/share/custom_interfaces_example/cmake/custom_interfaces_exampleConfig-version.cmake
[4.409s] -- Symlinking: /home/js/ros2_ws_c/install/custom_interfaces_example/share/custom_interfaces_example/package.xml
[4.421s] Invoked command in '/home/js/ros2_ws_c/build/custom_interfaces_example' returned '0': CMAKE_PREFIX_PATH=${CMAKE_PREFIX_PATH}:/home/js/ros2_ws/install/my_package:/opt/ros/humble /usr/local/bin/cmake --install /home/js/ros2_ws_c/build/custom_interfaces_example
