[0.021s] Invoking command in '/home/js/ros2_ws_c/build/custom_interfaces': CMAKE_PREFIX_PATH=${CMAKE_PREFIX_PATH}:/home/js/ros2_ws/install/my_package:/opt/ros/humble /usr/local/bin/cmake /home/js/ros2_ws_c/src/custom_interfaces -DCMAKE_EXPORT_COMPILE_COMMANDS=ON -DAMENT_CMAKE_SYMLINK_INSTALL=1 -DCMAKE_INSTALL_PREFIX=/home/js/ros2_ws_c/install/custom_interfaces
[0.122s] -- The C compiler identification is GNU 13.1.0
[0.199s] -- The CXX compiler identification is GNU 13.1.0
[0.215s] -- Detecting C compiler ABI info
[0.351s] -- Detecting C compiler ABI info - done
[0.359s] -- Check for working C compiler: /usr/bin/cc - skipped
[0.359s] -- Detecting C compile features
[0.359s] -- Detecting C compile features - done
[0.361s] -- Detecting CXX compiler ABI info
[0.509s] -- Detecting CXX compiler ABI info - done
[0.516s] -- Check for working CXX compiler: /usr/bin/c++ - skipped
[0.516s] -- Detecting CXX compile features
[0.516s] -- Detecting CXX compile features - done
[0.518s] -- Found ament_cmake: 1.3.12 (/opt/ros/humble/share/ament_cmake/cmake)
[0.646s] -- Found Python3: /usr/bin/python3 (found version "3.10.12") found components: Interpreter 
[0.697s] -- Override CMake install command with custom implementation using symlinks instead of copying resources
[0.745s] -- Found rclcpp: 16.0.14 (/opt/ros/humble/share/rclcpp/cmake)
[0.775s] -- Found rosidl_generator_c: 3.1.7 (/opt/ros/humble/share/rosidl_generator_c/cmake)
[0.778s] -- Found rosidl_adapter: 3.1.7 (/opt/ros/humble/share/rosidl_adapter/cmake)
[0.783s] -- Found rosidl_generator_cpp: 3.1.7 (/opt/ros/humble/share/rosidl_generator_cpp/cmake)
[0.791s] -- Using all available rosidl_typesupport_c: rosidl_typesupport_fastrtps_c;rosidl_typesupport_introspection_c
[0.802s] -- Using all available rosidl_typesupport_cpp: rosidl_typesupport_fastrtps_cpp;rosidl_typesupport_introspection_cpp
[0.831s] -- Found rmw_implementation_cmake: 6.1.2 (/opt/ros/humble/share/rmw_implementation_cmake/cmake)
[0.833s] -- Found rmw_fastrtps_cpp: 6.2.8 (/opt/ros/humble/share/rmw_fastrtps_cpp/cmake)
[1.049s] -- Found OpenSSL: /usr/lib/x86_64-linux-gnu/libcrypto.so (found version "3.0.2")  
[1.082s] -- Found FastRTPS: /opt/ros/humble/include  
[1.123s] -- Using RMW implementation 'rmw_fastrtps_cpp' as default
[1.130s] -- Looking for pthread.h
[1.252s] -- Looking for pthread.h - found
[1.252s] -- Performing Test CMAKE_HAVE_LIBC_PTHREAD
[1.390s] -- Performing Test CMAKE_HAVE_LIBC_PTHREAD - Success
[1.391s] -- Found Threads: TRUE  
[1.431s] -- Found rosidl_default_generators: 1.2.0 (/opt/ros/humble/share/rosidl_default_generators/cmake)
[1.437s] -- Found ament_lint_auto: 0.12.14 (/opt/ros/humble/share/ament_lint_auto/cmake)
[1.609s] -- Found ament_cmake_ros: 0.10.0 (/opt/ros/humble/share/ament_cmake_ros/cmake)
[1.747s] -- Using all available rosidl_typesupport_c: rosidl_typesupport_fastrtps_c;rosidl_typesupport_introspection_c
[1.795s] -- Using all available rosidl_typesupport_cpp: rosidl_typesupport_fastrtps_cpp;rosidl_typesupport_introspection_cpp
[1.825s] -- Found PythonInterp: /usr/bin/python3 (found suitable version "3.10.12", minimum required is "3.6") 
[1.826s] -- Found python_cmake_module: 0.10.0 (/opt/ros/humble/share/python_cmake_module/cmake)
[1.852s] -- Found PythonLibs: /usr/lib/x86_64-linux-gnu/libpython3.10.so (found suitable version "3.10.12", minimum required is "3.5") 
[1.853s] -- Using PYTHON_EXECUTABLE: /usr/bin/python3
[1.853s] -- Using PYTHON_INCLUDE_DIRS: /usr/include/python3.10
[1.853s] -- Using PYTHON_LIBRARIES: /usr/lib/x86_64-linux-gnu/libpython3.10.so
[1.875s] -- Found PythonExtra: .so  
[1.913s] -- Added test 'lint_cmake' to check CMake code style
[1.914s] -- Added test 'xmllint' to check XML markup files
[1.917s] -- Configuring done
[1.933s] -- Generating done
[1.939s] -- Build files have been written to: /home/js/ros2_ws_c/build/custom_interfaces
[1.948s] Invoked command in '/home/js/ros2_ws_c/build/custom_interfaces' returned '0': CMAKE_PREFIX_PATH=${CMAKE_PREFIX_PATH}:/home/js/ros2_ws/install/my_package:/opt/ros/humble /usr/local/bin/cmake /home/js/ros2_ws_c/src/custom_interfaces -DCMAKE_EXPORT_COMPILE_COMMANDS=ON -DAMENT_CMAKE_SYMLINK_INSTALL=1 -DCMAKE_INSTALL_PREFIX=/home/js/ros2_ws_c/install/custom_interfaces
[1.949s] Invoking command in '/home/js/ros2_ws_c/build/custom_interfaces': CMAKE_PREFIX_PATH=${CMAKE_PREFIX_PATH}:/home/js/ros2_ws/install/my_package:/opt/ros/humble /usr/local/bin/cmake --build /home/js/ros2_ws_c/build/custom_interfaces -- -j16 -l16
[2.007s] [  3%] [34m[1mGenerating C code for ROS interfaces[0m
[2.032s] [  6%] [34m[1mGenerating C++ code for ROS interfaces[0m
[2.043s] [  6%] Built target ament_cmake_python_symlink_custom_interfaces
[2.209s] [  9%] [32mBuilding C object CMakeFiles/custom_interfaces__rosidl_generator_c.dir/rosidl_generator_c/custom_interfaces/msg/detail/robot_status__functions.c.o[0m
[2.210s] [  9%] Built target custom_interfaces__cpp
[2.228s] [ 12%] [34m[1mGenerating C++ type support for eProsima Fast-RTPS[0m
[2.229s] [ 16%] [34m[1mGenerating C++ type support dispatch for ROS interfaces[0m
[2.233s] [ 19%] [34m[1mGenerating C++ introspection for ROS interfaces[0m
[2.235s] running egg_info
[2.235s] creating custom_interfaces.egg-info
[2.235s] writing custom_interfaces.egg-info/PKG-INFO
[2.235s] writing dependency_links to custom_interfaces.egg-info/dependency_links.txt
[2.235s] writing top-level names to custom_interfaces.egg-info/top_level.txt
[2.236s] writing manifest file 'custom_interfaces.egg-info/SOURCES.txt'
[2.238s] reading manifest file 'custom_interfaces.egg-info/SOURCES.txt'
[2.238s] writing manifest file 'custom_interfaces.egg-info/SOURCES.txt'
[2.273s] [ 19%] Built target ament_cmake_python_build_custom_interfaces_egg
[2.280s] [ 22%] [32m[1mLinking C shared library libcustom_interfaces__rosidl_generator_c.so[0m
[2.336s] [ 22%] Built target custom_interfaces__rosidl_generator_c
[2.356s] [ 25%] [34m[1mGenerating C introspection for ROS interfaces[0m
[2.357s] [ 29%] [34m[1mGenerating C type support for eProsima Fast-RTPS[0m
[2.359s] [ 32%] [34m[1mGenerating C type support dispatch for ROS interfaces[0m
[2.412s] [ 35%] [32mBuilding CXX object CMakeFiles/custom_interfaces__rosidl_typesupport_cpp.dir/rosidl_typesupport_cpp/custom_interfaces/msg/robot_status__type_support.cpp.o[0m
[2.428s] [ 38%] [32mBuilding CXX object CMakeFiles/custom_interfaces__rosidl_typesupport_fastrtps_cpp.dir/rosidl_typesupport_fastrtps_cpp/custom_interfaces/msg/detail/dds_fastrtps/robot_status__type_support.cpp.o[0m
[2.438s] [ 41%] [32mBuilding CXX object CMakeFiles/custom_interfaces__rosidl_typesupport_introspection_cpp.dir/rosidl_typesupport_introspection_cpp/custom_interfaces/msg/detail/robot_status__type_support.cpp.o[0m
[2.544s] [ 45%] [32mBuilding CXX object CMakeFiles/custom_interfaces__rosidl_typesupport_c.dir/rosidl_typesupport_c/custom_interfaces/msg/robot_status__type_support.cpp.o[0m
[2.557s] [ 48%] [32mBuilding C object CMakeFiles/custom_interfaces__rosidl_typesupport_introspection_c.dir/rosidl_typesupport_introspection_c/custom_interfaces/msg/detail/robot_status__type_support.c.o[0m
[2.567s] [ 51%] [32mBuilding CXX object CMakeFiles/custom_interfaces__rosidl_typesupport_fastrtps_c.dir/rosidl_typesupport_fastrtps_c/custom_interfaces/msg/detail/robot_status__type_support_c.cpp.o[0m
[2.595s] [ 54%] [32m[1mLinking CXX shared library libcustom_interfaces__rosidl_typesupport_c.so[0m
[2.611s] [ 58%] [32m[1mLinking C shared library libcustom_interfaces__rosidl_typesupport_introspection_c.so[0m
[2.618s] [ 61%] [32m[1mLinking CXX shared library libcustom_interfaces__rosidl_typesupport_cpp.so[0m
[2.655s] [ 61%] Built target custom_interfaces__rosidl_typesupport_c
[2.662s] [ 64%] [32m[1mLinking CXX shared library libcustom_interfaces__rosidl_typesupport_introspection_cpp.so[0m
[2.669s] [ 64%] Built target custom_interfaces__rosidl_typesupport_introspection_c
[2.683s] [ 64%] Built target custom_interfaces__rosidl_typesupport_cpp
[2.722s] [ 64%] Built target custom_interfaces__rosidl_typesupport_introspection_cpp
[2.738s] [ 67%] [32m[1mLinking CXX shared library libcustom_interfaces__rosidl_typesupport_fastrtps_cpp.so[0m
[2.817s] [ 70%] [32m[1mLinking CXX shared library libcustom_interfaces__rosidl_typesupport_fastrtps_c.so[0m
[2.825s] [ 70%] Built target custom_interfaces__rosidl_typesupport_fastrtps_cpp
[2.907s] [ 70%] Built target custom_interfaces__rosidl_typesupport_fastrtps_c
[2.962s] [ 70%] Built target custom_interfaces
[3.028s] [ 74%] [34m[1mGenerating Python code for ROS interfaces[0m
[3.240s] [ 74%] Built target custom_interfaces__py
[3.291s] [ 77%] [32mBuilding C object CMakeFiles/custom_interfaces__rosidl_generator_py.dir/rosidl_generator_py/custom_interfaces/msg/_robot_status_s.c.o[0m
[3.398s] [ 80%] [32m[1mLinking C shared library rosidl_generator_py/custom_interfaces/libcustom_interfaces__rosidl_generator_py.so[0m
[3.471s] [ 80%] Built target custom_interfaces__rosidl_generator_py
[3.530s] [ 83%] [32mBuilding C object CMakeFiles/custom_interfaces__rosidl_typesupport_introspection_c__pyext.dir/rosidl_generator_py/custom_interfaces/_custom_interfaces_s.ep.rosidl_typesupport_introspection_c.c.o[0m
[3.531s] [ 87%] [32mBuilding C object CMakeFiles/custom_interfaces__rosidl_typesupport_fastrtps_c__pyext.dir/rosidl_generator_py/custom_interfaces/_custom_interfaces_s.ep.rosidl_typesupport_fastrtps_c.c.o[0m
[3.532s] [ 90%] [32mBuilding C object CMakeFiles/custom_interfaces__rosidl_typesupport_c__pyext.dir/rosidl_generator_py/custom_interfaces/_custom_interfaces_s.ep.rosidl_typesupport_c.c.o[0m
[3.624s] [100%] [32m[1mLinking C shared library rosidl_generator_py/custom_interfaces/custom_interfaces_s__rosidl_typesupport_fastrtps_c.cpython-310-x86_64-linux-gnu.so[0m
[3.624s] [100%] [32m[1mLinking C shared library rosidl_generator_py/custom_interfaces/custom_interfaces_s__rosidl_typesupport_c.cpython-310-x86_64-linux-gnu.so[0m
[3.624s] [100%] [32m[1mLinking C shared library rosidl_generator_py/custom_interfaces/custom_interfaces_s__rosidl_typesupport_introspection_c.cpython-310-x86_64-linux-gnu.so[0m
[3.674s] [100%] Built target custom_interfaces__rosidl_typesupport_fastrtps_c__pyext
[3.674s] [100%] Built target custom_interfaces__rosidl_typesupport_introspection_c__pyext
[3.675s] [100%] Built target custom_interfaces__rosidl_typesupport_c__pyext
[3.689s] Invoked command in '/home/js/ros2_ws_c/build/custom_interfaces' returned '0': CMAKE_PREFIX_PATH=${CMAKE_PREFIX_PATH}:/home/js/ros2_ws/install/my_package:/opt/ros/humble /usr/local/bin/cmake --build /home/js/ros2_ws_c/build/custom_interfaces -- -j16 -l16
[3.698s] Invoking command in '/home/js/ros2_ws_c/build/custom_interfaces': CMAKE_PREFIX_PATH=${CMAKE_PREFIX_PATH}:/home/js/ros2_ws/install/my_package:/opt/ros/humble /usr/local/bin/cmake --install /home/js/ros2_ws_c/build/custom_interfaces
[3.706s] -- Install configuration: ""
[3.707s] -- Execute custom install script
[3.707s] -- Symlinking: /home/js/ros2_ws_c/install/custom_interfaces/share/ament_index/resource_index/rosidl_interfaces/custom_interfaces
[3.718s] -- Symlinking: /home/js/ros2_ws_c/install/custom_interfaces/include/custom_interfaces/custom_interfaces/msg/detail/robot_status__functions.h
[3.726s] -- Symlinking: /home/js/ros2_ws_c/install/custom_interfaces/include/custom_interfaces/custom_interfaces/msg/detail/robot_status__struct.h
[3.734s] -- Symlinking: /home/js/ros2_ws_c/install/custom_interfaces/include/custom_interfaces/custom_interfaces/msg/detail/robot_status__type_support.h
[3.742s] -- Symlinking: /home/js/ros2_ws_c/install/custom_interfaces/include/custom_interfaces/custom_interfaces/msg/robot_status.h
[3.751s] -- Symlinking: /home/js/ros2_ws_c/install/custom_interfaces/include/custom_interfaces/custom_interfaces/msg/rosidl_generator_c__visibility_control.h
[3.759s] -- Symlinking: /home/js/ros2_ws_c/install/custom_interfaces/share/custom_interfaces/environment/library_path.sh
[3.767s] -- Symlinking: /home/js/ros2_ws_c/install/custom_interfaces/share/custom_interfaces/environment/library_path.dsv
[3.777s] -- Symlinking: /home/js/ros2_ws_c/install/custom_interfaces/include/custom_interfaces/custom_interfaces/msg/detail/robot_status__rosidl_typesupport_fastrtps_c.h
[3.787s] -- Symlinking: /home/js/ros2_ws_c/install/custom_interfaces/include/custom_interfaces/custom_interfaces/msg/rosidl_typesupport_fastrtps_c__visibility_control.h
[3.796s] -- Symlinking: /home/js/ros2_ws_c/install/custom_interfaces/include/custom_interfaces/custom_interfaces/msg/detail/robot_status__builder.hpp
[3.805s] -- Symlinking: /home/js/ros2_ws_c/install/custom_interfaces/include/custom_interfaces/custom_interfaces/msg/detail/robot_status__struct.hpp
[3.819s] -- Symlinking: /home/js/ros2_ws_c/install/custom_interfaces/include/custom_interfaces/custom_interfaces/msg/detail/robot_status__traits.hpp
[3.828s] -- Symlinking: /home/js/ros2_ws_c/install/custom_interfaces/include/custom_interfaces/custom_interfaces/msg/detail/robot_status__type_support.hpp
[3.837s] -- Symlinking: /home/js/ros2_ws_c/install/custom_interfaces/include/custom_interfaces/custom_interfaces/msg/robot_status.hpp
[3.845s] -- Symlinking: /home/js/ros2_ws_c/install/custom_interfaces/include/custom_interfaces/custom_interfaces/msg/rosidl_generator_cpp__visibility_control.hpp
[3.854s] -- Symlinking: /home/js/ros2_ws_c/install/custom_interfaces/include/custom_interfaces/custom_interfaces/msg/detail/robot_status__rosidl_typesupport_fastrtps_cpp.hpp
[3.862s] -- Symlinking: /home/js/ros2_ws_c/install/custom_interfaces/include/custom_interfaces/custom_interfaces/msg/rosidl_typesupport_fastrtps_cpp__visibility_control.h
[3.869s] -- Symlinking: /home/js/ros2_ws_c/install/custom_interfaces/include/custom_interfaces/custom_interfaces/msg/detail/robot_status__rosidl_typesupport_introspection_c.h
[3.882s] -- Symlinking: /home/js/ros2_ws_c/install/custom_interfaces/include/custom_interfaces/custom_interfaces/msg/rosidl_typesupport_introspection_c__visibility_control.h
[3.891s] -- Symlinking: /home/js/ros2_ws_c/install/custom_interfaces/include/custom_interfaces/custom_interfaces/msg/detail/robot_status__rosidl_typesupport_introspection_cpp.hpp
[3.899s] -- Symlinking: /home/js/ros2_ws_c/install/custom_interfaces/share/custom_interfaces/environment/pythonpath.sh
[3.908s] -- Symlinking: /home/js/ros2_ws_c/install/custom_interfaces/share/custom_interfaces/environment/pythonpath.dsv
[3.921s] -- Symlinking: /home/js/ros2_ws_c/install/custom_interfaces/local/lib/python3.10/dist-packages/custom_interfaces-0.0.0-py3.10.egg-info/PKG-INFO
[3.931s] -- Symlinking: /home/js/ros2_ws_c/install/custom_interfaces/local/lib/python3.10/dist-packages/custom_interfaces-0.0.0-py3.10.egg-info/SOURCES.txt
[3.940s] -- Symlinking: /home/js/ros2_ws_c/install/custom_interfaces/local/lib/python3.10/dist-packages/custom_interfaces-0.0.0-py3.10.egg-info/dependency_links.txt
[3.950s] -- Symlinking: /home/js/ros2_ws_c/install/custom_interfaces/local/lib/python3.10/dist-packages/custom_interfaces-0.0.0-py3.10.egg-info/top_level.txt
[3.959s] -- Symlinking: /home/js/ros2_ws_c/install/custom_interfaces/local/lib/python3.10/dist-packages/custom_interfaces/__init__.py
[3.966s] -- Symlinking: /home/js/ros2_ws_c/install/custom_interfaces/local/lib/python3.10/dist-packages/custom_interfaces/_custom_interfaces_s.ep.rosidl_typesupport_c.c
[3.977s] -- Symlinking: /home/js/ros2_ws_c/install/custom_interfaces/local/lib/python3.10/dist-packages/custom_interfaces/_custom_interfaces_s.ep.rosidl_typesupport_fastrtps_c.c
[3.990s] -- Symlinking: /home/js/ros2_ws_c/install/custom_interfaces/local/lib/python3.10/dist-packages/custom_interfaces/_custom_interfaces_s.ep.rosidl_typesupport_introspection_c.c
[4.000s] -- Symlinking: /home/js/ros2_ws_c/install/custom_interfaces/local/lib/python3.10/dist-packages/custom_interfaces/custom_interfaces_s__rosidl_typesupport_c.cpython-310-x86_64-linux-gnu.so
[4.021s] -- Symlinking: /home/js/ros2_ws_c/install/custom_interfaces/local/lib/python3.10/dist-packages/custom_interfaces/custom_interfaces_s__rosidl_typesupport_fastrtps_c.cpython-310-x86_64-linux-gnu.so
[4.035s] -- Symlinking: /home/js/ros2_ws_c/install/custom_interfaces/local/lib/python3.10/dist-packages/custom_interfaces/custom_interfaces_s__rosidl_typesupport_introspection_c.cpython-310-x86_64-linux-gnu.so
[4.043s] -- Symlinking: /home/js/ros2_ws_c/install/custom_interfaces/local/lib/python3.10/dist-packages/custom_interfaces/libcustom_interfaces__rosidl_generator_py.so
[4.051s] -- Symlinking: /home/js/ros2_ws_c/install/custom_interfaces/local/lib/python3.10/dist-packages/custom_interfaces/msg/__init__.py
[4.059s] -- Symlinking: /home/js/ros2_ws_c/install/custom_interfaces/local/lib/python3.10/dist-packages/custom_interfaces/msg/_robot_status.py
[4.066s] -- Symlinking: /home/js/ros2_ws_c/install/custom_interfaces/local/lib/python3.10/dist-packages/custom_interfaces/msg/_robot_status_s.c
[4.076s] -- Up-to-date symlink: /home/js/ros2_ws_c/install/custom_interfaces/local/lib/python3.10/dist-packages/custom_interfaces/custom_interfaces_s__rosidl_typesupport_fastrtps_c.cpython-310-x86_64-linux-gnu.so
[4.077s] -- Up-to-date symlink: /home/js/ros2_ws_c/install/custom_interfaces/local/lib/python3.10/dist-packages/custom_interfaces/custom_interfaces_s__rosidl_typesupport_introspection_c.cpython-310-x86_64-linux-gnu.so
[4.077s] -- Up-to-date symlink: /home/js/ros2_ws_c/install/custom_interfaces/local/lib/python3.10/dist-packages/custom_interfaces/custom_interfaces_s__rosidl_typesupport_c.cpython-310-x86_64-linux-gnu.so
[4.077s] -- Symlinking: /home/js/ros2_ws_c/install/custom_interfaces/share/custom_interfaces/msg/RobotStatus.idl
[4.088s] -- Symlinking: /home/js/ros2_ws_c/install/custom_interfaces/share/custom_interfaces/msg/RobotStatus.msg
[4.096s] -- Symlinking: /home/js/ros2_ws_c/install/custom_interfaces/share/ament_index/resource_index/package_run_dependencies/custom_interfaces
[4.104s] -- Symlinking: /home/js/ros2_ws_c/install/custom_interfaces/share/ament_index/resource_index/parent_prefix_path/custom_interfaces
[4.116s] -- Symlinking: /home/js/ros2_ws_c/install/custom_interfaces/share/custom_interfaces/environment/ament_prefix_path.sh
[4.125s] -- Symlinking: /home/js/ros2_ws_c/install/custom_interfaces/share/custom_interfaces/environment/ament_prefix_path.dsv
[4.134s] -- Symlinking: /home/js/ros2_ws_c/install/custom_interfaces/share/custom_interfaces/environment/path.sh
[4.146s] -- Symlinking: /home/js/ros2_ws_c/install/custom_interfaces/share/custom_interfaces/environment/path.dsv
[4.156s] -- Symlinking: /home/js/ros2_ws_c/install/custom_interfaces/share/custom_interfaces/local_setup.bash
[4.164s] -- Symlinking: /home/js/ros2_ws_c/install/custom_interfaces/share/custom_interfaces/local_setup.sh
[4.174s] -- Symlinking: /home/js/ros2_ws_c/install/custom_interfaces/share/custom_interfaces/local_setup.zsh
[4.186s] -- Symlinking: /home/js/ros2_ws_c/install/custom_interfaces/share/custom_interfaces/local_setup.dsv
[4.195s] -- Symlinking: /home/js/ros2_ws_c/install/custom_interfaces/share/custom_interfaces/package.dsv
[4.202s] -- Symlinking: /home/js/ros2_ws_c/install/custom_interfaces/share/ament_index/resource_index/packages/custom_interfaces
[4.210s] -- Symlinking: /home/js/ros2_ws_c/install/custom_interfaces/share/custom_interfaces/cmake/rosidl_cmake-extras.cmake
[4.219s] -- Symlinking: /home/js/ros2_ws_c/install/custom_interfaces/share/custom_interfaces/cmake/ament_cmake_export_include_directories-extras.cmake
[4.228s] -- Symlinking: /home/js/ros2_ws_c/install/custom_interfaces/share/custom_interfaces/cmake/ament_cmake_export_libraries-extras.cmake
[4.236s] -- Symlinking: /home/js/ros2_ws_c/install/custom_interfaces/share/custom_interfaces/cmake/ament_cmake_export_targets-extras.cmake
[4.245s] -- Symlinking: /home/js/ros2_ws_c/install/custom_interfaces/share/custom_interfaces/cmake/rosidl_cmake_export_typesupport_targets-extras.cmake
[4.253s] -- Symlinking: /home/js/ros2_ws_c/install/custom_interfaces/share/custom_interfaces/cmake/ament_cmake_export_dependencies-extras.cmake
[4.262s] -- Symlinking: /home/js/ros2_ws_c/install/custom_interfaces/share/custom_interfaces/cmake/rosidl_cmake_export_typesupport_libraries-extras.cmake
[4.270s] -- Symlinking: /home/js/ros2_ws_c/install/custom_interfaces/share/custom_interfaces/cmake/custom_interfacesConfig.cmake
[4.281s] -- Symlinking: /home/js/ros2_ws_c/install/custom_interfaces/share/custom_interfaces/cmake/custom_interfacesConfig-version.cmake
[4.291s] -- Symlinking: /home/js/ros2_ws_c/install/custom_interfaces/share/custom_interfaces/package.xml
[4.300s] -- Installing: /home/js/ros2_ws_c/install/custom_interfaces/lib/libcustom_interfaces__rosidl_generator_c.so
[4.301s] -- Set runtime path of "/home/js/ros2_ws_c/install/custom_interfaces/lib/libcustom_interfaces__rosidl_generator_c.so" to ""
[4.301s] -- Installing: /home/js/ros2_ws_c/install/custom_interfaces/lib/libcustom_interfaces__rosidl_typesupport_fastrtps_c.so
[4.301s] -- Set runtime path of "/home/js/ros2_ws_c/install/custom_interfaces/lib/libcustom_interfaces__rosidl_typesupport_fastrtps_c.so" to ""
[4.301s] -- Installing: /home/js/ros2_ws_c/install/custom_interfaces/lib/libcustom_interfaces__rosidl_typesupport_fastrtps_cpp.so
[4.301s] -- Set runtime path of "/home/js/ros2_ws_c/install/custom_interfaces/lib/libcustom_interfaces__rosidl_typesupport_fastrtps_cpp.so" to ""
[4.302s] -- Installing: /home/js/ros2_ws_c/install/custom_interfaces/lib/libcustom_interfaces__rosidl_typesupport_introspection_c.so
[4.302s] -- Set runtime path of "/home/js/ros2_ws_c/install/custom_interfaces/lib/libcustom_interfaces__rosidl_typesupport_introspection_c.so" to ""
[4.302s] -- Installing: /home/js/ros2_ws_c/install/custom_interfaces/lib/libcustom_interfaces__rosidl_typesupport_c.so
[4.302s] -- Set runtime path of "/home/js/ros2_ws_c/install/custom_interfaces/lib/libcustom_interfaces__rosidl_typesupport_c.so" to ""
[4.302s] -- Installing: /home/js/ros2_ws_c/install/custom_interfaces/lib/libcustom_interfaces__rosidl_typesupport_introspection_cpp.so
[4.302s] -- Set runtime path of "/home/js/ros2_ws_c/install/custom_interfaces/lib/libcustom_interfaces__rosidl_typesupport_introspection_cpp.so" to ""
[4.302s] -- Installing: /home/js/ros2_ws_c/install/custom_interfaces/lib/libcustom_interfaces__rosidl_typesupport_cpp.so
[4.303s] -- Set runtime path of "/home/js/ros2_ws_c/install/custom_interfaces/lib/libcustom_interfaces__rosidl_typesupport_cpp.so" to ""
[4.338s] Listing '/home/js/ros2_ws_c/install/custom_interfaces/local/lib/python3.10/dist-packages/custom_interfaces'...
[4.338s] Compiling '/home/js/ros2_ws_c/install/custom_interfaces/local/lib/python3.10/dist-packages/custom_interfaces/__init__.py'...
[4.338s] Listing '/home/js/ros2_ws_c/install/custom_interfaces/local/lib/python3.10/dist-packages/custom_interfaces/msg'...
[4.338s] Compiling '/home/js/ros2_ws_c/install/custom_interfaces/local/lib/python3.10/dist-packages/custom_interfaces/msg/__init__.py'...
[4.338s] Compiling '/home/js/ros2_ws_c/install/custom_interfaces/local/lib/python3.10/dist-packages/custom_interfaces/msg/_robot_status.py'...
[4.342s] -- Installing: /home/js/ros2_ws_c/install/custom_interfaces/lib/libcustom_interfaces__rosidl_generator_py.so
[4.342s] -- Set runtime path of "/home/js/ros2_ws_c/install/custom_interfaces/lib/libcustom_interfaces__rosidl_generator_py.so" to ""
[4.342s] -- Installing: /home/js/ros2_ws_c/install/custom_interfaces/share/custom_interfaces/cmake/export_custom_interfaces__rosidl_generator_cExport.cmake
[4.342s] -- Installing: /home/js/ros2_ws_c/install/custom_interfaces/share/custom_interfaces/cmake/export_custom_interfaces__rosidl_generator_cExport-noconfig.cmake
[4.342s] -- Installing: /home/js/ros2_ws_c/install/custom_interfaces/share/custom_interfaces/cmake/export_custom_interfaces__rosidl_typesupport_fastrtps_cExport.cmake
[4.342s] -- Installing: /home/js/ros2_ws_c/install/custom_interfaces/share/custom_interfaces/cmake/export_custom_interfaces__rosidl_typesupport_fastrtps_cExport-noconfig.cmake
[4.342s] -- Installing: /home/js/ros2_ws_c/install/custom_interfaces/share/custom_interfaces/cmake/export_custom_interfaces__rosidl_generator_cppExport.cmake
[4.342s] -- Installing: /home/js/ros2_ws_c/install/custom_interfaces/share/custom_interfaces/cmake/export_custom_interfaces__rosidl_typesupport_fastrtps_cppExport.cmake
[4.342s] -- Installing: /home/js/ros2_ws_c/install/custom_interfaces/share/custom_interfaces/cmake/export_custom_interfaces__rosidl_typesupport_fastrtps_cppExport-noconfig.cmake
[4.342s] -- Installing: /home/js/ros2_ws_c/install/custom_interfaces/share/custom_interfaces/cmake/custom_interfaces__rosidl_typesupport_introspection_cExport.cmake
[4.343s] -- Installing: /home/js/ros2_ws_c/install/custom_interfaces/share/custom_interfaces/cmake/custom_interfaces__rosidl_typesupport_introspection_cExport-noconfig.cmake
[4.343s] -- Installing: /home/js/ros2_ws_c/install/custom_interfaces/share/custom_interfaces/cmake/custom_interfaces__rosidl_typesupport_cExport.cmake
[4.343s] -- Installing: /home/js/ros2_ws_c/install/custom_interfaces/share/custom_interfaces/cmake/custom_interfaces__rosidl_typesupport_cExport-noconfig.cmake
[4.343s] -- Installing: /home/js/ros2_ws_c/install/custom_interfaces/share/custom_interfaces/cmake/custom_interfaces__rosidl_typesupport_introspection_cppExport.cmake
[4.343s] -- Installing: /home/js/ros2_ws_c/install/custom_interfaces/share/custom_interfaces/cmake/custom_interfaces__rosidl_typesupport_introspection_cppExport-noconfig.cmake
[4.343s] -- Installing: /home/js/ros2_ws_c/install/custom_interfaces/share/custom_interfaces/cmake/custom_interfaces__rosidl_typesupport_cppExport.cmake
[4.343s] -- Installing: /home/js/ros2_ws_c/install/custom_interfaces/share/custom_interfaces/cmake/custom_interfaces__rosidl_typesupport_cppExport-noconfig.cmake
[4.343s] -- Installing: /home/js/ros2_ws_c/install/custom_interfaces/share/custom_interfaces/cmake/export_custom_interfaces__rosidl_generator_pyExport.cmake
[4.343s] -- Installing: /home/js/ros2_ws_c/install/custom_interfaces/share/custom_interfaces/cmake/export_custom_interfaces__rosidl_generator_pyExport-noconfig.cmake
[4.345s] Invoked command in '/home/js/ros2_ws_c/build/custom_interfaces' returned '0': CMAKE_PREFIX_PATH=${CMAKE_PREFIX_PATH}:/home/js/ros2_ws/install/my_package:/opt/ros/humble /usr/local/bin/cmake --install /home/js/ros2_ws_c/build/custom_interfaces
