running egg_info
writing build/ros2_client/ros2_client.egg-info/PKG-INFO
writing dependency_links to build/ros2_client/ros2_client.egg-info/dependency_links.txt
writing entry points to build/ros2_client/ros2_client.egg-info/entry_points.txt
writing requirements to build/ros2_client/ros2_client.egg-info/requires.txt
writing top-level names to build/ros2_client/ros2_client.egg-info/top_level.txt
reading manifest file 'build/ros2_client/ros2_client.egg-info/SOURCES.txt'
writing manifest file 'build/ros2_client/ros2_client.egg-info/SOURCES.txt'
running build
running build_py
copying ros2_client/tcp_client_node.py -> /home/ubuntu/Workspace/final_project/autonomous-driving-project/ros2_client/build/ros2_client/build/lib/ros2_client
running install
running install_lib
copying /home/ubuntu/Workspace/final_project/autonomous-driving-project/ros2_client/build/ros2_client/build/lib/ros2_client/tcp_client_node.py -> /home/ubuntu/Workspace/final_project/autonomous-driving-project/ros2_client/install/ros2_client/lib/python3.10/site-packages/ros2_client
byte-compiling /home/ubuntu/Workspace/final_project/autonomous-driving-project/ros2_client/install/ros2_client/lib/python3.10/site-packages/ros2_client/tcp_client_node.py to tcp_client_node.cpython-310.pyc
running install_data
copying package.xml -> /home/ubuntu/Workspace/final_project/autonomous-driving-project/ros2_client/install/ros2_client/share/ros2_client
running install_egg_info
removing '/home/ubuntu/Workspace/final_project/autonomous-driving-project/ros2_client/install/ros2_client/lib/python3.10/site-packages/ros2_client-0.1.0-py3.10.egg-info' (and everything under it)
Copying build/ros2_client/ros2_client.egg-info to /home/ubuntu/Workspace/final_project/autonomous-driving-project/ros2_client/install/ros2_client/lib/python3.10/site-packages/ros2_client-0.1.0-py3.10.egg-info
running install_scripts
Installing traffic_light_client script to /home/ubuntu/Workspace/final_project/autonomous-driving-project/ros2_client/install/ros2_client/lib/ros2_client
writing list of installed files to '/home/ubuntu/Workspace/final_project/autonomous-driving-project/ros2_client/build/ros2_client/install.log'
