[0.839s] Invoking command in '/home/ubuntu/Workspace/final_project/autonomous-driving-project/ros2_client': PYTHONPATH=/home/ubuntu/Workspace/final_project/autonomous-driving-project/ros2_client/build/ros2_client/prefix_override:/usr/lib/python3/dist-packages/colcon_core/task/python/colcon_distutils_commands:/home/ubuntu/Workspace/final_project/autonomous-driving-project/ros2_client/install/ros2_client/lib/python3.10/site-packages:${PYTHONPATH} /usr/bin/python3 -W ignore:setup.py install is deprecated -W ignore:easy_install command is deprecated setup.py egg_info --egg-base build/ros2_client build --build-base /home/ubuntu/Workspace/final_project/autonomous-driving-project/ros2_client/build/ros2_client/build install --record /home/ubuntu/Workspace/final_project/autonomous-driving-project/ros2_client/build/ros2_client/install.log --single-version-externally-managed install_data
[1.135s] running egg_info
[1.135s] writing build/ros2_client/ros2_client.egg-info/PKG-INFO
[1.136s] writing dependency_links to build/ros2_client/ros2_client.egg-info/dependency_links.txt
[1.136s] writing entry points to build/ros2_client/ros2_client.egg-info/entry_points.txt
[1.136s] writing requirements to build/ros2_client/ros2_client.egg-info/requires.txt
[1.137s] writing top-level names to build/ros2_client/ros2_client.egg-info/top_level.txt
[1.141s] reading manifest file 'build/ros2_client/ros2_client.egg-info/SOURCES.txt'
[1.141s] writing manifest file 'build/ros2_client/ros2_client.egg-info/SOURCES.txt'
[1.141s] running build
[1.141s] running build_py
[1.142s] copying ros2_client/tcp_client_node.py -> /home/ubuntu/Workspace/final_project/autonomous-driving-project/ros2_client/build/ros2_client/build/lib/ros2_client
[1.142s] running install
[1.142s] running install_lib
[1.143s] copying /home/ubuntu/Workspace/final_project/autonomous-driving-project/ros2_client/build/ros2_client/build/lib/ros2_client/tcp_client_node.py -> /home/ubuntu/Workspace/final_project/autonomous-driving-project/ros2_client/install/ros2_client/lib/python3.10/site-packages/ros2_client
[1.143s] byte-compiling /home/ubuntu/Workspace/final_project/autonomous-driving-project/ros2_client/install/ros2_client/lib/python3.10/site-packages/ros2_client/tcp_client_node.py to tcp_client_node.cpython-310.pyc
[1.147s] running install_data
[1.147s] copying package.xml -> /home/ubuntu/Workspace/final_project/autonomous-driving-project/ros2_client/install/ros2_client/share/ros2_client
[1.147s] running install_egg_info
[1.148s] removing '/home/ubuntu/Workspace/final_project/autonomous-driving-project/ros2_client/install/ros2_client/lib/python3.10/site-packages/ros2_client-0.1.0-py3.10.egg-info' (and everything under it)
[1.148s] Copying build/ros2_client/ros2_client.egg-info to /home/ubuntu/Workspace/final_project/autonomous-driving-project/ros2_client/install/ros2_client/lib/python3.10/site-packages/ros2_client-0.1.0-py3.10.egg-info
[1.150s] running install_scripts
[1.184s] Installing traffic_light_client script to /home/ubuntu/Workspace/final_project/autonomous-driving-project/ros2_client/install/ros2_client/lib/ros2_client
[1.185s] writing list of installed files to '/home/ubuntu/Workspace/final_project/autonomous-driving-project/ros2_client/build/ros2_client/install.log'
[1.214s] Invoked command in '/home/ubuntu/Workspace/final_project/autonomous-driving-project/ros2_client' returned '0': PYTHONPATH=/home/ubuntu/Workspace/final_project/autonomous-driving-project/ros2_client/build/ros2_client/prefix_override:/usr/lib/python3/dist-packages/colcon_core/task/python/colcon_distutils_commands:/home/ubuntu/Workspace/final_project/autonomous-driving-project/ros2_client/install/ros2_client/lib/python3.10/site-packages:${PYTHONPATH} /usr/bin/python3 -W ignore:setup.py install is deprecated -W ignore:easy_install command is deprecated setup.py egg_info --egg-base build/ros2_client build --build-base /home/ubuntu/Workspace/final_project/autonomous-driving-project/ros2_client/build/ros2_client/build install --record /home/ubuntu/Workspace/final_project/autonomous-driving-project/ros2_client/build/ros2_client/install.log --single-version-externally-managed install_data
