[0.029s] Invoking command in '/home/js/ros2_ws_c/build/custom_interfaces_example': CMAKE_PREFIX_PATH=${CMAKE_PREFIX_PATH}:/home/js/ros2_ws/install/my_package:/opt/ros/humble /usr/local/bin/cmake --build /home/js/ros2_ws_c/build/custom_interfaces_example -- -j16 -l16
[0.054s] -- Found ament_cmake: 1.3.12 (/opt/ros/humble/share/ament_cmake/cmake)
[0.125s] -- Override CMake install command with custom implementation using symlinks instead of copying resources
[0.130s] -- Found rclcpp: 16.0.14 (/opt/ros/humble/share/rclcpp/cmake)
[0.149s] -- Found rosidl_generator_c: 3.1.7 (/opt/ros/humble/share/rosidl_generator_c/cmake)
[0.150s] -- Found rosidl_adapter: 3.1.7 (/opt/ros/humble/share/rosidl_adapter/cmake)
[0.154s] -- Found rosidl_generator_cpp: 3.1.7 (/opt/ros/humble/share/rosidl_generator_cpp/cmake)
[0.160s] -- Using all available rosidl_typesupport_c: rosidl_typesupport_fastrtps_c;rosidl_typesupport_introspection_c
[0.169s] -- Using all available rosidl_typesupport_cpp: rosidl_typesupport_fastrtps_cpp;rosidl_typesupport_introspection_cpp
[0.190s] -- Found rmw_implementation_cmake: 6.1.2 (/opt/ros/humble/share/rmw_implementation_cmake/cmake)
[0.191s] -- Found rmw_fastrtps_cpp: 6.2.8 (/opt/ros/humble/share/rmw_fastrtps_cpp/cmake)
[0.303s] -- Using RMW implementation 'rmw_fastrtps_cpp' as default
[0.340s] -- Found custom_interfaces: 0.0.0 (/home/js/ros2_ws_c/install/custom_interfaces/share/custom_interfaces/cmake)
[0.346s] -- Found ament_lint_auto: 0.12.14 (/opt/ros/humble/share/ament_lint_auto/cmake)
[0.410s] -- Added test 'cppcheck' to perform static code analysis on C / C++ code
[0.410s] -- Configured cppcheck include dirs: 
[0.410s] -- Configured cppcheck exclude dirs and/or files: 
[0.411s] -- Added test 'lint_cmake' to check CMake code style
[0.411s] -- Added test 'uncrustify' to check C / C++ code style
[0.411s] -- Configured uncrustify additional arguments: 
[0.411s] -- Added test 'xmllint' to check XML markup files
[0.412s] -- Configuring done
[0.418s] -- Generating done
[0.421s] -- Build files have been written to: /home/js/ros2_ws_c/build/custom_interfaces_example
[0.463s] [35m[1mConsolidate compiler generated dependencies of target robot_status_publisher[0m
[0.492s] [100%] Built target robot_status_publisher
[0.519s] Invoked command in '/home/js/ros2_ws_c/build/custom_interfaces_example' returned '0': CMAKE_PREFIX_PATH=${CMAKE_PREFIX_PATH}:/home/js/ros2_ws/install/my_package:/opt/ros/humble /usr/local/bin/cmake --build /home/js/ros2_ws_c/build/custom_interfaces_example -- -j16 -l16
[0.534s] Invoking command in '/home/js/ros2_ws_c/build/custom_interfaces_example': CMAKE_PREFIX_PATH=${CMAKE_PREFIX_PATH}:/home/js/ros2_ws/install/my_package:/opt/ros/humble /usr/local/bin/cmake --install /home/js/ros2_ws_c/build/custom_interfaces_example
[0.541s] -- Install configuration: ""
[0.541s] -- Execute custom install script
[0.542s] -- Up-to-date symlink: /home/js/ros2_ws_c/install/custom_interfaces_example/lib/custom_interfaces_example/robot_status_publisher
[0.542s] -- Up-to-date symlink: /home/js/ros2_ws_c/install/custom_interfaces_example/share/ament_index/resource_index/package_run_dependencies/custom_interfaces_example
[0.542s] -- Up-to-date symlink: /home/js/ros2_ws_c/install/custom_interfaces_example/share/ament_index/resource_index/parent_prefix_path/custom_interfaces_example
[0.542s] -- Up-to-date symlink: /home/js/ros2_ws_c/install/custom_interfaces_example/share/custom_interfaces_example/environment/ament_prefix_path.sh
[0.542s] -- Up-to-date symlink: /home/js/ros2_ws_c/install/custom_interfaces_example/share/custom_interfaces_example/environment/ament_prefix_path.dsv
[0.542s] -- Up-to-date symlink: /home/js/ros2_ws_c/install/custom_interfaces_example/share/custom_interfaces_example/environment/path.sh
[0.542s] -- Up-to-date symlink: /home/js/ros2_ws_c/install/custom_interfaces_example/share/custom_interfaces_example/environment/path.dsv
[0.542s] -- Up-to-date symlink: /home/js/ros2_ws_c/install/custom_interfaces_example/share/custom_interfaces_example/local_setup.bash
[0.542s] -- Up-to-date symlink: /home/js/ros2_ws_c/install/custom_interfaces_example/share/custom_interfaces_example/local_setup.sh
[0.542s] -- Up-to-date symlink: /home/js/ros2_ws_c/install/custom_interfaces_example/share/custom_interfaces_example/local_setup.zsh
[0.542s] -- Up-to-date symlink: /home/js/ros2_ws_c/install/custom_interfaces_example/share/custom_interfaces_example/local_setup.dsv
[0.542s] -- Symlinking: /home/js/ros2_ws_c/install/custom_interfaces_example/share/custom_interfaces_example/package.dsv
[0.551s] -- Up-to-date symlink: /home/js/ros2_ws_c/install/custom_interfaces_example/share/ament_index/resource_index/packages/custom_interfaces_example
[0.551s] -- Up-to-date symlink: /home/js/ros2_ws_c/install/custom_interfaces_example/share/custom_interfaces_example/cmake/custom_interfaces_exampleConfig.cmake
[0.551s] -- Up-to-date symlink: /home/js/ros2_ws_c/install/custom_interfaces_example/share/custom_interfaces_example/cmake/custom_interfaces_exampleConfig-version.cmake
[0.551s] -- Up-to-date symlink: /home/js/ros2_ws_c/install/custom_interfaces_example/share/custom_interfaces_example/package.xml
[0.553s] Invoked command in '/home/js/ros2_ws_c/build/custom_interfaces_example' returned '0': CMAKE_PREFIX_PATH=${CMAKE_PREFIX_PATH}:/home/js/ros2_ws/install/my_package:/opt/ros/humble /usr/local/bin/cmake --install /home/js/ros2_ws_c/build/custom_interfaces_example
