[35m[1mConsolidate compiler generated dependencies of target empty_service_client[0m
[ 50%] [32mBuilding CXX object CMakeFiles/empty_service_client.dir/src/empty_service_client.cpp.o[0m
[100%] [32m[1mLinking CXX executable empty_service_client[0m
[100%] Built target empty_service_client
-- Install configuration: ""
-- Execute custom install script
-- Up-to-date symlink: /home/js/ros2_ws_c/install/tutorial_service/lib/tutorial_service/empty_service_client
-- Up-to-date symlink: /home/js/ros2_ws_c/install/tutorial_service/share/ament_index/resource_index/package_run_dependencies/tutorial_service
-- Up-to-date symlink: /home/js/ros2_ws_c/install/tutorial_service/share/ament_index/resource_index/parent_prefix_path/tutorial_service
-- Up-to-date symlink: /home/js/ros2_ws_c/install/tutorial_service/share/tutorial_service/environment/ament_prefix_path.sh
-- Up-to-date symlink: /home/js/ros2_ws_c/install/tutorial_service/share/tutorial_service/environment/ament_prefix_path.dsv
-- Up-to-date symlink: /home/js/ros2_ws_c/install/tutorial_service/share/tutorial_service/environment/path.sh
-- Up-to-date symlink: /home/js/ros2_ws_c/install/tutorial_service/share/tutorial_service/environment/path.dsv
-- Up-to-date symlink: /home/js/ros2_ws_c/install/tutorial_service/share/tutorial_service/local_setup.bash
-- Up-to-date symlink: /home/js/ros2_ws_c/install/tutorial_service/share/tutorial_service/local_setup.sh
-- Up-to-date symlink: /home/js/ros2_ws_c/install/tutorial_service/share/tutorial_service/local_setup.zsh
-- Up-to-date symlink: /home/js/ros2_ws_c/install/tutorial_service/share/tutorial_service/local_setup.dsv
-- Symlinking: /home/js/ros2_ws_c/install/tutorial_service/share/tutorial_service/package.dsv
-- Up-to-date symlink: /home/js/ros2_ws_c/install/tutorial_service/share/ament_index/resource_index/packages/tutorial_service
-- Up-to-date symlink: /home/js/ros2_ws_c/install/tutorial_service/share/tutorial_service/cmake/tutorial_serviceConfig.cmake
-- Up-to-date symlink: /home/js/ros2_ws_c/install/tutorial_service/share/tutorial_service/cmake/tutorial_serviceConfig-version.cmake
-- Up-to-date symlink: /home/js/ros2_ws_c/install/tutorial_service/share/tutorial_service/package.xml
