[0.020s] Invoking command in '/home/js/ros2_ws_c/build/tutorial_service': CMAKE_PREFIX_PATH=/home/js/ros2_ws/install/my_package:/opt/ros/humble /usr/local/bin/cmake --build /home/js/ros2_ws_c/build/tutorial_service -- -j16 -l16
[0.103s] [35m[1mConsolidate compiler generated dependencies of target empty_service_client[0m
[0.136s] [ 50%] [32mBuilding CXX object CMakeFiles/empty_service_client.dir/src/empty_service_client.cpp.o[0m
[2.099s] [100%] [32m[1mLinking CXX executable empty_service_client[0m
[2.240s] [100%] Built target empty_service_client
[2.256s] Invoked command in '/home/js/ros2_ws_c/build/tutorial_service' returned '0': CMAKE_PREFIX_PATH=/home/js/ros2_ws/install/my_package:/opt/ros/humble /usr/local/bin/cmake --build /home/js/ros2_ws_c/build/tutorial_service -- -j16 -l16
[2.267s] Invoking command in '/home/js/ros2_ws_c/build/tutorial_service': CMAKE_PREFIX_PATH=/home/js/ros2_ws/install/my_package:/opt/ros/humble /usr/local/bin/cmake --install /home/js/ros2_ws_c/build/tutorial_service
[2.275s] -- Install configuration: ""
[2.276s] -- Execute custom install script
[2.276s] -- Up-to-date symlink: /home/js/ros2_ws_c/install/tutorial_service/lib/tutorial_service/empty_service_client
[2.276s] -- Up-to-date symlink: /home/js/ros2_ws_c/install/tutorial_service/share/ament_index/resource_index/package_run_dependencies/tutorial_service
[2.276s] -- Up-to-date symlink: /home/js/ros2_ws_c/install/tutorial_service/share/ament_index/resource_index/parent_prefix_path/tutorial_service
[2.276s] -- Up-to-date symlink: /home/js/ros2_ws_c/install/tutorial_service/share/tutorial_service/environment/ament_prefix_path.sh
[2.276s] -- Up-to-date symlink: /home/js/ros2_ws_c/install/tutorial_service/share/tutorial_service/environment/ament_prefix_path.dsv
[2.276s] -- Up-to-date symlink: /home/js/ros2_ws_c/install/tutorial_service/share/tutorial_service/environment/path.sh
[2.276s] -- Up-to-date symlink: /home/js/ros2_ws_c/install/tutorial_service/share/tutorial_service/environment/path.dsv
[2.276s] -- Up-to-date symlink: /home/js/ros2_ws_c/install/tutorial_service/share/tutorial_service/local_setup.bash
[2.276s] -- Up-to-date symlink: /home/js/ros2_ws_c/install/tutorial_service/share/tutorial_service/local_setup.sh
[2.277s] -- Up-to-date symlink: /home/js/ros2_ws_c/install/tutorial_service/share/tutorial_service/local_setup.zsh
[2.277s] -- Up-to-date symlink: /home/js/ros2_ws_c/install/tutorial_service/share/tutorial_service/local_setup.dsv
[2.277s] -- Symlinking: /home/js/ros2_ws_c/install/tutorial_service/share/tutorial_service/package.dsv
[2.286s] -- Up-to-date symlink: /home/js/ros2_ws_c/install/tutorial_service/share/ament_index/resource_index/packages/tutorial_service
[2.286s] -- Up-to-date symlink: /home/js/ros2_ws_c/install/tutorial_service/share/tutorial_service/cmake/tutorial_serviceConfig.cmake
[2.286s] -- Up-to-date symlink: /home/js/ros2_ws_c/install/tutorial_service/share/tutorial_service/cmake/tutorial_serviceConfig-version.cmake
[2.286s] -- Up-to-date symlink: /home/js/ros2_ws_c/install/tutorial_service/share/tutorial_service/package.xml
[2.289s] Invoked command in '/home/js/ros2_ws_c/build/tutorial_service' returned '0': CMAKE_PREFIX_PATH=/home/js/ros2_ws/install/my_package:/opt/ros/humble /usr/local/bin/cmake --install /home/js/ros2_ws_c/build/tutorial_service
