[35m[1mConsolidate compiler generated dependencies of target fast_timer_node[0m
[ 25%] [32mBuilding CXX object CMakeFiles/fast_timer_node.dir/src/fast_timer_node.cpp.o[0m
[ 75%] Built target timer_node
[100%] [32m[1mLinking CXX executable fast_timer_node[0m
[100%] Built target fast_timer_node
-- Install configuration: ""
-- Installing: /home/js/ros2_ws_c/install/my_cpp_package/lib/my_cpp_package/timer_node
-- Set runtime path of "/home/js/ros2_ws_c/install/my_cpp_package/lib/my_cpp_package/timer_node" to ""
-- Installing: /home/js/ros2_ws_c/install/my_cpp_package/lib/my_cpp_package/fast_timer_node
-- Set runtime path of "/home/js/ros2_ws_c/install/my_cpp_package/lib/my_cpp_package/fast_timer_node" to ""
-- Up-to-date: /home/js/ros2_ws_c/install/my_cpp_package/share/my_cpp_package/launch
-- Up-to-date: /home/js/ros2_ws_c/install/my_cpp_package/share/my_cpp_package/launch/dual_timer.launch.py
-- Up-to-date: /home/js/ros2_ws_c/install/my_cpp_package/share/ament_index/resource_index/package_run_dependencies/my_cpp_package
-- Up-to-date: /home/js/ros2_ws_c/install/my_cpp_package/share/ament_index/resource_index/parent_prefix_path/my_cpp_package
-- Up-to-date: /home/js/ros2_ws_c/install/my_cpp_package/share/my_cpp_package/environment/ament_prefix_path.sh
-- Installing: /home/js/ros2_ws_c/install/my_cpp_package/share/my_cpp_package/environment/ament_prefix_path.dsv
-- Up-to-date: /home/js/ros2_ws_c/install/my_cpp_package/share/my_cpp_package/environment/path.sh
-- Installing: /home/js/ros2_ws_c/install/my_cpp_package/share/my_cpp_package/environment/path.dsv
-- Up-to-date: /home/js/ros2_ws_c/install/my_cpp_package/share/my_cpp_package/local_setup.bash
-- Up-to-date: /home/js/ros2_ws_c/install/my_cpp_package/share/my_cpp_package/local_setup.sh
-- Up-to-date: /home/js/ros2_ws_c/install/my_cpp_package/share/my_cpp_package/local_setup.zsh
-- Installing: /home/js/ros2_ws_c/install/my_cpp_package/share/my_cpp_package/local_setup.dsv
-- Installing: /home/js/ros2_ws_c/install/my_cpp_package/share/my_cpp_package/package.dsv
-- Up-to-date: /home/js/ros2_ws_c/install/my_cpp_package/share/ament_index/resource_index/packages/my_cpp_package
-- Up-to-date: /home/js/ros2_ws_c/install/my_cpp_package/share/my_cpp_package/cmake/my_cpp_packageConfig.cmake
-- Up-to-date: /home/js/ros2_ws_c/install/my_cpp_package/share/my_cpp_package/cmake/my_cpp_packageConfig-version.cmake
-- Up-to-date: /home/js/ros2_ws_c/install/my_cpp_package/share/my_cpp_package/package.xml
