[0.020s] Invoking command in '/home/js/ros2_ws_c/build/tutorial_topic': CMAKE_PREFIX_PATH=${CMAKE_PREFIX_PATH}:/home/js/ros2_ws/install/my_package:/opt/ros/humble /usr/local/bin/cmake --build /home/js/ros2_ws_c/build/tutorial_topic -- -j16 -l16
[0.046s] -- Found ament_cmake: 1.3.12 (/opt/ros/humble/share/ament_cmake/cmake)
[0.124s] -- Found rclcpp: 16.0.14 (/opt/ros/humble/share/rclcpp/cmake)
[0.144s] -- Found rosidl_generator_c: 3.1.7 (/opt/ros/humble/share/rosidl_generator_c/cmake)
[0.146s] -- Found rosidl_adapter: 3.1.7 (/opt/ros/humble/share/rosidl_adapter/cmake)
[0.149s] -- Found rosidl_generator_cpp: 3.1.7 (/opt/ros/humble/share/rosidl_generator_cpp/cmake)
[0.156s] -- Using all available rosidl_typesupport_c: rosidl_typesupport_fastrtps_c;rosidl_typesupport_introspection_c
[0.164s] -- Using all available rosidl_typesupport_cpp: rosidl_typesupport_fastrtps_cpp;rosidl_typesupport_introspection_cpp
[0.185s] -- Found rmw_implementation_cmake: 6.1.2 (/opt/ros/humble/share/rmw_implementation_cmake/cmake)
[0.186s] -- Found rmw_fastrtps_cpp: 6.2.8 (/opt/ros/humble/share/rmw_fastrtps_cpp/cmake)
[0.278s] -- Using RMW implementation 'rmw_fastrtps_cpp' as default
[0.310s] -- Found geometry_msgs: 4.9.0 (/opt/ros/humble/share/geometry_msgs/cmake)
[0.318s] -- Found ament_lint_auto: 0.12.14 (/opt/ros/humble/share/ament_lint_auto/cmake)
[0.371s] -- Added test 'cppcheck' to perform static code analysis on C / C++ code
[0.371s] -- Configured cppcheck include dirs: 
[0.371s] -- Configured cppcheck exclude dirs and/or files: 
[0.371s] -- Added test 'lint_cmake' to check CMake code style
[0.371s] -- Added test 'uncrustify' to check C / C++ code style
[0.371s] -- Configured uncrustify additional arguments: 
[0.372s] -- Added test 'xmllint' to check XML markup files
[0.372s] -- Configuring done
[0.377s] -- Generating done
[0.379s] -- Build files have been written to: /home/js/ros2_ws_c/build/tutorial_topic
[0.430s] [35m[1mConsolidate compiler generated dependencies of target move_publisher[0m
[0.461s] [ 50%] [32mBuilding CXX object CMakeFiles/move_publisher.dir/src/move_publisher.cpp.o[0m
[2.869s] [100%] [32m[1mLinking CXX executable move_publisher[0m
[3.022s] [100%] Built target move_publisher
[3.035s] Invoked command in '/home/js/ros2_ws_c/build/tutorial_topic' returned '0': CMAKE_PREFIX_PATH=${CMAKE_PREFIX_PATH}:/home/js/ros2_ws/install/my_package:/opt/ros/humble /usr/local/bin/cmake --build /home/js/ros2_ws_c/build/tutorial_topic -- -j16 -l16
[3.045s] Invoking command in '/home/js/ros2_ws_c/build/tutorial_topic': CMAKE_PREFIX_PATH=${CMAKE_PREFIX_PATH}:/home/js/ros2_ws/install/my_package:/opt/ros/humble /usr/local/bin/cmake --install /home/js/ros2_ws_c/build/tutorial_topic
[3.053s] -- Install configuration: ""
[3.053s] -- Installing: /home/js/ros2_ws_c/install/tutorial_topic/lib/tutorial_topic/move_publisher
[3.054s] -- Set runtime path of "/home/js/ros2_ws_c/install/tutorial_topic/lib/tutorial_topic/move_publisher" to ""
[3.054s] -- Installing: /home/js/ros2_ws_c/install/tutorial_topic/share/ament_index/resource_index/package_run_dependencies/tutorial_topic
[3.054s] -- Installing: /home/js/ros2_ws_c/install/tutorial_topic/share/ament_index/resource_index/parent_prefix_path/tutorial_topic
[3.054s] -- Up-to-date: /home/js/ros2_ws_c/install/tutorial_topic/share/tutorial_topic/environment/ament_prefix_path.sh
[3.054s] -- Installing: /home/js/ros2_ws_c/install/tutorial_topic/share/tutorial_topic/environment/ament_prefix_path.dsv
[3.054s] -- Up-to-date: /home/js/ros2_ws_c/install/tutorial_topic/share/tutorial_topic/environment/path.sh
[3.054s] -- Installing: /home/js/ros2_ws_c/install/tutorial_topic/share/tutorial_topic/environment/path.dsv
[3.054s] -- Up-to-date: /home/js/ros2_ws_c/install/tutorial_topic/share/tutorial_topic/local_setup.bash
[3.054s] -- Up-to-date: /home/js/ros2_ws_c/install/tutorial_topic/share/tutorial_topic/local_setup.sh
[3.054s] -- Up-to-date: /home/js/ros2_ws_c/install/tutorial_topic/share/tutorial_topic/local_setup.zsh
[3.054s] -- Installing: /home/js/ros2_ws_c/install/tutorial_topic/share/tutorial_topic/local_setup.dsv
[3.054s] -- Installing: /home/js/ros2_ws_c/install/tutorial_topic/share/tutorial_topic/package.dsv
[3.054s] -- Up-to-date: /home/js/ros2_ws_c/install/tutorial_topic/share/ament_index/resource_index/packages/tutorial_topic
[3.054s] -- Up-to-date: /home/js/ros2_ws_c/install/tutorial_topic/share/tutorial_topic/cmake/tutorial_topicConfig.cmake
[3.054s] -- Up-to-date: /home/js/ros2_ws_c/install/tutorial_topic/share/tutorial_topic/cmake/tutorial_topicConfig-version.cmake
[3.054s] -- Installing: /home/js/ros2_ws_c/install/tutorial_topic/share/tutorial_topic/package.xml
[3.056s] Invoked command in '/home/js/ros2_ws_c/build/tutorial_topic' returned '0': CMAKE_PREFIX_PATH=${CMAKE_PREFIX_PATH}:/home/js/ros2_ws/install/my_package:/opt/ros/humble /usr/local/bin/cmake --install /home/js/ros2_ws_c/build/tutorial_topic
