[0.022s] Invoking command in '/home/js/ros2_ws_c/build/tutorial_topic': CMAKE_PREFIX_PATH=${CMAKE_PREFIX_PATH}:/home/js/ros2_ws/install/my_package:/opt/ros/humble /usr/local/bin/cmake --build /home/js/ros2_ws_c/build/tutorial_topic -- -j16 -l16
[0.050s] -- Found ament_cmake: 1.3.12 (/opt/ros/humble/share/ament_cmake/cmake)
[0.130s] -- Found rclcpp: 16.0.14 (/opt/ros/humble/share/rclcpp/cmake)
[0.149s] -- Found rosidl_generator_c: 3.1.7 (/opt/ros/humble/share/rosidl_generator_c/cmake)
[0.150s] -- Found rosidl_adapter: 3.1.7 (/opt/ros/humble/share/rosidl_adapter/cmake)
[0.155s] -- Found rosidl_generator_cpp: 3.1.7 (/opt/ros/humble/share/rosidl_generator_cpp/cmake)
[0.161s] -- Using all available rosidl_typesupport_c: rosidl_typesupport_fastrtps_c;rosidl_typesupport_introspection_c
[0.169s] -- Using all available rosidl_typesupport_cpp: rosidl_typesupport_fastrtps_cpp;rosidl_typesupport_introspection_cpp
[0.191s] -- Found rmw_implementation_cmake: 6.1.2 (/opt/ros/humble/share/rmw_implementation_cmake/cmake)
[0.192s] -- Found rmw_fastrtps_cpp: 6.2.8 (/opt/ros/humble/share/rmw_fastrtps_cpp/cmake)
[0.289s] -- Using RMW implementation 'rmw_fastrtps_cpp' as default
[0.323s] -- Found geometry_msgs: 4.9.0 (/opt/ros/humble/share/geometry_msgs/cmake)
[0.332s] -- Found sensor_msgs: 4.9.0 (/opt/ros/humble/share/sensor_msgs/cmake)
[0.345s] -- Found ament_lint_auto: 0.12.14 (/opt/ros/humble/share/ament_lint_auto/cmake)
[0.397s] -- Added test 'cppcheck' to perform static code analysis on C / C++ code
[0.397s] -- Configured cppcheck include dirs: 
[0.397s] -- Configured cppcheck exclude dirs and/or files: 
[0.397s] -- Added test 'lint_cmake' to check CMake code style
[0.397s] -- Added test 'uncrustify' to check C / C++ code style
[0.398s] -- Configured uncrustify additional arguments: 
[0.398s] -- Added test 'xmllint' to check XML markup files
[0.398s] -- Configuring done
[0.407s] -- Generating done
[0.411s] -- Build files have been written to: /home/js/ros2_ws_c/build/tutorial_topic
[0.458s] [35m[1mConsolidate compiler generated dependencies of target lidar_subscriber[0m
[0.459s] [35m[1mConsolidate compiler generated dependencies of target move_publisher[0m
[0.489s] [ 16%] [32mBuilding CXX object CMakeFiles/wall_finder.dir/src/wall_finder.cpp.o[0m
[0.491s] [ 50%] Built target lidar_subscriber
[0.491s] [ 83%] Built target move_publisher
[5.807s] [100%] [32m[1mLinking CXX executable wall_finder[0m
[6.113s] [100%] Built target wall_finder
[6.147s] Invoked command in '/home/js/ros2_ws_c/build/tutorial_topic' returned '0': CMAKE_PREFIX_PATH=${CMAKE_PREFIX_PATH}:/home/js/ros2_ws/install/my_package:/opt/ros/humble /usr/local/bin/cmake --build /home/js/ros2_ws_c/build/tutorial_topic -- -j16 -l16
[6.164s] Invoking command in '/home/js/ros2_ws_c/build/tutorial_topic': CMAKE_PREFIX_PATH=${CMAKE_PREFIX_PATH}:/home/js/ros2_ws/install/my_package:/opt/ros/humble /usr/local/bin/cmake --install /home/js/ros2_ws_c/build/tutorial_topic
[6.173s] -- Install configuration: ""
[6.174s] -- Up-to-date: /home/js/ros2_ws_c/install/tutorial_topic/lib/tutorial_topic/move_publisher
[6.174s] -- Up-to-date: /home/js/ros2_ws_c/install/tutorial_topic/lib/tutorial_topic/lidar_subscriber
[6.174s] -- Installing: /home/js/ros2_ws_c/install/tutorial_topic/lib/tutorial_topic/wall_finder
[6.175s] -- Set runtime path of "/home/js/ros2_ws_c/install/tutorial_topic/lib/tutorial_topic/wall_finder" to ""
[6.175s] -- Up-to-date: /home/js/ros2_ws_c/install/tutorial_topic/share/ament_index/resource_index/package_run_dependencies/tutorial_topic
[6.175s] -- Up-to-date: /home/js/ros2_ws_c/install/tutorial_topic/share/ament_index/resource_index/parent_prefix_path/tutorial_topic
[6.176s] -- Up-to-date: /home/js/ros2_ws_c/install/tutorial_topic/share/tutorial_topic/environment/ament_prefix_path.sh
[6.176s] -- Installing: /home/js/ros2_ws_c/install/tutorial_topic/share/tutorial_topic/environment/ament_prefix_path.dsv
[6.176s] -- Up-to-date: /home/js/ros2_ws_c/install/tutorial_topic/share/tutorial_topic/environment/path.sh
[6.176s] -- Installing: /home/js/ros2_ws_c/install/tutorial_topic/share/tutorial_topic/environment/path.dsv
[6.176s] -- Up-to-date: /home/js/ros2_ws_c/install/tutorial_topic/share/tutorial_topic/local_setup.bash
[6.176s] -- Up-to-date: /home/js/ros2_ws_c/install/tutorial_topic/share/tutorial_topic/local_setup.sh
[6.176s] -- Up-to-date: /home/js/ros2_ws_c/install/tutorial_topic/share/tutorial_topic/local_setup.zsh
[6.176s] -- Installing: /home/js/ros2_ws_c/install/tutorial_topic/share/tutorial_topic/local_setup.dsv
[6.176s] -- Installing: /home/js/ros2_ws_c/install/tutorial_topic/share/tutorial_topic/package.dsv
[6.176s] -- Up-to-date: /home/js/ros2_ws_c/install/tutorial_topic/share/ament_index/resource_index/packages/tutorial_topic
[6.176s] -- Up-to-date: /home/js/ros2_ws_c/install/tutorial_topic/share/tutorial_topic/cmake/tutorial_topicConfig.cmake
[6.176s] -- Up-to-date: /home/js/ros2_ws_c/install/tutorial_topic/share/tutorial_topic/cmake/tutorial_topicConfig-version.cmake
[6.176s] -- Up-to-date: /home/js/ros2_ws_c/install/tutorial_topic/share/tutorial_topic/package.xml
[6.178s] Invoked command in '/home/js/ros2_ws_c/build/tutorial_topic' returned '0': CMAKE_PREFIX_PATH=${CMAKE_PREFIX_PATH}:/home/js/ros2_ws/install/my_package:/opt/ros/humble /usr/local/bin/cmake --install /home/js/ros2_ws_c/build/tutorial_topic
