[0.016s] Invoking command in '/home/js/ros2_ws_c/build/tutorial_topic': CMAKE_PREFIX_PATH=${CMAKE_PREFIX_PATH}:/home/js/ros2_ws/install/my_package:/opt/ros/humble /usr/local/bin/cmake /home/js/ros2_ws_c/src/tutorial_topic -DCMAKE_EXPORT_COMPILE_COMMANDS=ON -DCMAKE_INSTALL_PREFIX=/home/js/ros2_ws_c/install/tutorial_topic
[0.178s] -- The C compiler identification is GNU 13.1.0
[0.341s] -- The CXX compiler identification is GNU 13.1.0
[0.352s] -- Detecting C compiler ABI info
[0.662s] -- Detecting C compiler ABI info - done
[0.679s] -- Check for working C compiler: /usr/bin/cc - skipped
[0.679s] -- Detecting C compile features
[0.679s] -- Detecting C compile features - done
[0.682s] -- Detecting CXX compiler ABI info
[0.900s] -- Detecting CXX compiler ABI info - done
[0.905s] -- Check for working CXX compiler: /usr/bin/c++ - skipped
[0.905s] -- Detecting CXX compile features
[0.905s] -- Detecting CXX compile features - done
[0.907s] -- Found ament_cmake: 1.3.12 (/opt/ros/humble/share/ament_cmake/cmake)
[1.064s] -- Found Python3: /usr/bin/python3 (found version "3.10.12") found components: Interpreter 
[1.141s] -- Found rclcpp: 16.0.14 (/opt/ros/humble/share/rclcpp/cmake)
[1.175s] -- Found rosidl_generator_c: 3.1.7 (/opt/ros/humble/share/rosidl_generator_c/cmake)
[1.178s] -- Found rosidl_adapter: 3.1.7 (/opt/ros/humble/share/rosidl_adapter/cmake)
[1.183s] -- Found rosidl_generator_cpp: 3.1.7 (/opt/ros/humble/share/rosidl_generator_cpp/cmake)
[1.190s] -- Using all available rosidl_typesupport_c: rosidl_typesupport_fastrtps_c;rosidl_typesupport_introspection_c
[1.199s] -- Using all available rosidl_typesupport_cpp: rosidl_typesupport_fastrtps_cpp;rosidl_typesupport_introspection_cpp
[1.224s] -- Found rmw_implementation_cmake: 6.1.2 (/opt/ros/humble/share/rmw_implementation_cmake/cmake)
[1.226s] -- Found rmw_fastrtps_cpp: 6.2.8 (/opt/ros/humble/share/rmw_fastrtps_cpp/cmake)
[1.589s] -- Found OpenSSL: /usr/lib/x86_64-linux-gnu/libcrypto.so (found version "3.0.2")  
[1.622s] -- Found FastRTPS: /opt/ros/humble/include  
[1.680s] -- Using RMW implementation 'rmw_fastrtps_cpp' as default
[1.687s] -- Looking for pthread.h
[1.865s] -- Looking for pthread.h - found
[1.865s] -- Performing Test CMAKE_HAVE_LIBC_PTHREAD
[2.132s] -- Performing Test CMAKE_HAVE_LIBC_PTHREAD - Success
[2.133s] -- Found Threads: TRUE  
[2.170s] [31mCMake Error at CMakeLists.txt:11 (find_package):
[2.170s]   By not providing "Findgeometry_msg.cmake" in CMAKE_MODULE_PATH this project
[2.170s]   has asked CMake to find a package configuration file provided by
[2.170s]   "geometry_msg", but CMake did not find one.
[2.170s] 
[2.170s]   Could not find a package configuration file provided by "geometry_msg" with
[2.170s]   any of the following names:
[2.170s] 
[2.170s]     geometry_msgConfig.cmake
[2.170s]     geometry_msg-config.cmake
[2.171s] 
[2.171s]   Add the installation prefix of "geometry_msg" to CMAKE_PREFIX_PATH or set
[2.171s]   "geometry_msg_DIR" to a directory containing one of the above files.  If
[2.171s]   "geometry_msg" provides a separate development package or SDK, be sure it
[2.171s]   has been installed.
[2.171s] 
[2.171s] -- Configuring incomplete, errors occurred!
[2.171s] See also "/home/js/ros2_ws_c/build/tutorial_topic/CMakeFiles/CMakeOutput.log".
[2.171s] [0m
[2.176s] Invoked command in '/home/js/ros2_ws_c/build/tutorial_topic' returned '1': CMAKE_PREFIX_PATH=${CMAKE_PREFIX_PATH}:/home/js/ros2_ws/install/my_package:/opt/ros/humble /usr/local/bin/cmake /home/js/ros2_ws_c/src/tutorial_topic -DCMAKE_EXPORT_COMPILE_COMMANDS=ON -DCMAKE_INSTALL_PREFIX=/home/js/ros2_ws_c/install/tutorial_topic
