[0.022s] Invoking command in '/home/js/ros2_ws_c/build/my_cpp_package': CMAKE_PREFIX_PATH=${CMAKE_PREFIX_PATH}:/home/js/ros2_ws/install/my_package:/opt/ros/humble /usr/local/bin/cmake --build /home/js/ros2_ws_c/build/my_cpp_package -- -j16 -l16
[0.203s] [100%] Built target timer_node
[0.232s] Invoked command in '/home/js/ros2_ws_c/build/my_cpp_package' returned '0': CMAKE_PREFIX_PATH=${CMAKE_PREFIX_PATH}:/home/js/ros2_ws/install/my_package:/opt/ros/humble /usr/local/bin/cmake --build /home/js/ros2_ws_c/build/my_cpp_package -- -j16 -l16
[0.259s] Invoking command in '/home/js/ros2_ws_c/build/my_cpp_package': CMAKE_PREFIX_PATH=${CMAKE_PREFIX_PATH}:/home/js/ros2_ws/install/my_package:/opt/ros/humble /usr/local/bin/cmake --install /home/js/ros2_ws_c/build/my_cpp_package
[0.281s] -- Install configuration: ""
[0.281s] -- Up-to-date: /home/js/ros2_ws_c/install/my_cpp_package/lib/my_cpp_package/timer_node
[0.282s] -- Up-to-date: /home/js/ros2_ws_c/install/my_cpp_package/share/my_cpp_package/launch
[0.282s] -- Up-to-date: /home/js/ros2_ws_c/install/my_cpp_package/share/my_cpp_package/launch/dual_timer.launch.py
[0.282s] -- Up-to-date: /home/js/ros2_ws_c/install/my_cpp_package/share/ament_index/resource_index/package_run_dependencies/my_cpp_package
[0.282s] -- Up-to-date: /home/js/ros2_ws_c/install/my_cpp_package/share/ament_index/resource_index/parent_prefix_path/my_cpp_package
[0.283s] -- Up-to-date: /home/js/ros2_ws_c/install/my_cpp_package/share/my_cpp_package/environment/ament_prefix_path.sh
[0.283s] -- Up-to-date: /home/js/ros2_ws_c/install/my_cpp_package/share/my_cpp_package/environment/ament_prefix_path.dsv
[0.283s] -- Up-to-date: /home/js/ros2_ws_c/install/my_cpp_package/share/my_cpp_package/environment/path.sh
[0.283s] -- Up-to-date: /home/js/ros2_ws_c/install/my_cpp_package/share/my_cpp_package/environment/path.dsv
[0.283s] -- Up-to-date: /home/js/ros2_ws_c/install/my_cpp_package/share/my_cpp_package/local_setup.bash
[0.283s] -- Up-to-date: /home/js/ros2_ws_c/install/my_cpp_package/share/my_cpp_package/local_setup.sh
[0.283s] -- Up-to-date: /home/js/ros2_ws_c/install/my_cpp_package/share/my_cpp_package/local_setup.zsh
[0.284s] -- Up-to-date: /home/js/ros2_ws_c/install/my_cpp_package/share/my_cpp_package/local_setup.dsv
[0.284s] -- Up-to-date: /home/js/ros2_ws_c/install/my_cpp_package/share/my_cpp_package/package.dsv
[0.284s] -- Up-to-date: /home/js/ros2_ws_c/install/my_cpp_package/share/ament_index/resource_index/packages/my_cpp_package
[0.284s] -- Up-to-date: /home/js/ros2_ws_c/install/my_cpp_package/share/my_cpp_package/cmake/my_cpp_packageConfig.cmake
[0.284s] -- Up-to-date: /home/js/ros2_ws_c/install/my_cpp_package/share/my_cpp_package/cmake/my_cpp_packageConfig-version.cmake
[0.284s] -- Up-to-date: /home/js/ros2_ws_c/install/my_cpp_package/share/my_cpp_package/package.xml
[0.288s] Invoked command in '/home/js/ros2_ws_c/build/my_cpp_package' returned '0': CMAKE_PREFIX_PATH=${CMAKE_PREFIX_PATH}:/home/js/ros2_ws/install/my_package:/opt/ros/humble /usr/local/bin/cmake --install /home/js/ros2_ws_c/build/my_cpp_package
