[0.074s] DEBUG:colcon:Command line arguments: ['/usr/bin/colcon', 'build', '--symlink-install', '--packages-select', 'moving_service', '--cmake-args', '-DCMAKE_EXPORT_COMPILE_COMMANDS=ON']
[0.074s] DEBUG:colcon:Parsed command line arguments: Namespace(log_base=None, log_level=None, verb_name='build', build_base='build', install_base='install', merge_install=False, symlink_install=True, test_result_base=None, continue_on_error=False, executor='parallel', parallel_workers=16, event_handlers=None, ignore_user_meta=False, metas=['./colcon.meta'], base_paths=['.'], packages_ignore=None, packages_ignore_regex=None, paths=None, packages_up_to=None, packages_up_to_regex=None, packages_above=None, packages_above_and_dependencies=None, packages_above_depth=None, packages_select_by_dep=None, packages_skip_by_dep=None, packages_skip_up_to=None, packages_select_build_failed=False, packages_skip_build_finished=False, packages_select_test_failures=False, packages_skip_test_passed=False, packages_select=['moving_service'], packages_skip=None, packages_select_regex=None, packages_skip_regex=None, packages_start=None, packages_end=None, allow_overriding=[], cmake_args=['-DCMAKE_EXPORT_COMPILE_COMMANDS=ON'], cmake_target=None, cmake_target_skip_unavailable=False, cmake_clean_cache=False, cmake_clean_first=False, cmake_force_configure=False, ament_cmake_args=None, catkin_cmake_args=None, catkin_skip_building_tests=False, mixin_files=None, mixin=None, verb_parser=<colcon_mixin.mixin.mixin_argument.MixinArgumentDecorator object at 0x7495e2c636a0>, verb_extension=<colcon_core.verb.build.BuildVerb object at 0x7495e2c63130>, main=<bound method BuildVerb.main of <colcon_core.verb.build.BuildVerb object at 0x7495e2c63130>>, mixin_verb=('build',))
[0.180s] Level 1:colcon.colcon_core.package_discovery:discover_packages(colcon_meta) check parameters
[0.180s] Level 1:colcon.colcon_core.package_discovery:discover_packages(recursive) check parameters
[0.180s] Level 1:colcon.colcon_core.package_discovery:discover_packages(ignore) check parameters
[0.180s] Level 1:colcon.colcon_core.package_discovery:discover_packages(path) check parameters
[0.180s] Level 1:colcon.colcon_core.package_discovery:discover_packages(colcon_meta) discover
[0.180s] Level 1:colcon.colcon_core.package_discovery:discover_packages(recursive) discover
[0.180s] INFO:colcon.colcon_core.package_discovery:Crawling recursively for packages in '/home/js/ros2_ws_c'
[0.180s] Level 1:colcon.colcon_core.package_identification:_identify(.) by extensions ['ignore', 'ignore_ament_install']
[0.180s] Level 1:colcon.colcon_core.package_identification:_identify(.) by extension 'ignore'
[0.180s] Level 1:colcon.colcon_core.package_identification:_identify(.) by extension 'ignore_ament_install'
[0.180s] Level 1:colcon.colcon_core.package_identification:_identify(.) by extensions ['colcon_pkg']
[0.180s] Level 1:colcon.colcon_core.package_identification:_identify(.) by extension 'colcon_pkg'
[0.180s] Level 1:colcon.colcon_core.package_identification:_identify(.) by extensions ['colcon_meta']
[0.180s] Level 1:colcon.colcon_core.package_identification:_identify(.) by extension 'colcon_meta'
[0.180s] Level 1:colcon.colcon_core.package_identification:_identify(.) by extensions ['ros']
[0.180s] Level 1:colcon.colcon_core.package_identification:_identify(.) by extension 'ros'
[0.192s] Level 1:colcon.colcon_core.package_identification:_identify(.) by extensions ['cmake', 'python']
[0.192s] Level 1:colcon.colcon_core.package_identification:_identify(.) by extension 'cmake'
[0.192s] Level 1:colcon.colcon_core.package_identification:_identify(.) by extension 'python'
[0.192s] Level 1:colcon.colcon_core.package_identification:_identify(.) by extensions ['python_setup_py']
[0.192s] Level 1:colcon.colcon_core.package_identification:_identify(.) by extension 'python_setup_py'
[0.193s] Level 1:colcon.colcon_core.package_identification:_identify(build) by extensions ['ignore', 'ignore_ament_install']
[0.193s] Level 1:colcon.colcon_core.package_identification:_identify(build) by extension 'ignore'
[0.193s] Level 1:colcon.colcon_core.package_identification:_identify(build) ignored
[0.193s] Level 1:colcon.colcon_core.package_identification:_identify(install) by extensions ['ignore', 'ignore_ament_install']
[0.193s] Level 1:colcon.colcon_core.package_identification:_identify(install) by extension 'ignore'
[0.193s] Level 1:colcon.colcon_core.package_identification:_identify(install) ignored
[0.193s] Level 1:colcon.colcon_core.package_identification:_identify(log) by extensions ['ignore', 'ignore_ament_install']
[0.193s] Level 1:colcon.colcon_core.package_identification:_identify(log) by extension 'ignore'
[0.193s] Level 1:colcon.colcon_core.package_identification:_identify(log) ignored
[0.193s] Level 1:colcon.colcon_core.package_identification:_identify(src) by extensions ['ignore', 'ignore_ament_install']
[0.193s] Level 1:colcon.colcon_core.package_identification:_identify(src) by extension 'ignore'
[0.193s] Level 1:colcon.colcon_core.package_identification:_identify(src) by extension 'ignore_ament_install'
[0.193s] Level 1:colcon.colcon_core.package_identification:_identify(src) by extensions ['colcon_pkg']
[0.193s] Level 1:colcon.colcon_core.package_identification:_identify(src) by extension 'colcon_pkg'
[0.193s] Level 1:colcon.colcon_core.package_identification:_identify(src) by extensions ['colcon_meta']
[0.193s] Level 1:colcon.colcon_core.package_identification:_identify(src) by extension 'colcon_meta'
[0.193s] Level 1:colcon.colcon_core.package_identification:_identify(src) by extensions ['ros']
[0.193s] Level 1:colcon.colcon_core.package_identification:_identify(src) by extension 'ros'
[0.193s] Level 1:colcon.colcon_core.package_identification:_identify(src) by extensions ['cmake', 'python']
[0.193s] Level 1:colcon.colcon_core.package_identification:_identify(src) by extension 'cmake'
[0.193s] Level 1:colcon.colcon_core.package_identification:_identify(src) by extension 'python'
[0.193s] Level 1:colcon.colcon_core.package_identification:_identify(src) by extensions ['python_setup_py']
[0.193s] Level 1:colcon.colcon_core.package_identification:_identify(src) by extension 'python_setup_py'
[0.193s] Level 1:colcon.colcon_core.package_identification:_identify(src/custom_interfaces) by extensions ['ignore', 'ignore_ament_install']
[0.193s] Level 1:colcon.colcon_core.package_identification:_identify(src/custom_interfaces) by extension 'ignore'
[0.193s] Level 1:colcon.colcon_core.package_identification:_identify(src/custom_interfaces) by extension 'ignore_ament_install'
[0.193s] Level 1:colcon.colcon_core.package_identification:_identify(src/custom_interfaces) by extensions ['colcon_pkg']
[0.193s] Level 1:colcon.colcon_core.package_identification:_identify(src/custom_interfaces) by extension 'colcon_pkg'
[0.193s] Level 1:colcon.colcon_core.package_identification:_identify(src/custom_interfaces) by extensions ['colcon_meta']
[0.193s] Level 1:colcon.colcon_core.package_identification:_identify(src/custom_interfaces) by extension 'colcon_meta'
[0.194s] Level 1:colcon.colcon_core.package_identification:_identify(src/custom_interfaces) by extensions ['ros']
[0.194s] Level 1:colcon.colcon_core.package_identification:_identify(src/custom_interfaces) by extension 'ros'
[0.195s] DEBUG:colcon.colcon_core.package_identification:Package 'src/custom_interfaces' with type 'ros.ament_cmake' and name 'custom_interfaces'
[0.195s] Level 1:colcon.colcon_core.package_identification:_identify(src/custom_interfaces_example) by extensions ['ignore', 'ignore_ament_install']
[0.195s] Level 1:colcon.colcon_core.package_identification:_identify(src/custom_interfaces_example) by extension 'ignore'
[0.195s] Level 1:colcon.colcon_core.package_identification:_identify(src/custom_interfaces_example) by extension 'ignore_ament_install'
[0.195s] Level 1:colcon.colcon_core.package_identification:_identify(src/custom_interfaces_example) by extensions ['colcon_pkg']
[0.195s] Level 1:colcon.colcon_core.package_identification:_identify(src/custom_interfaces_example) by extension 'colcon_pkg'
[0.195s] Level 1:colcon.colcon_core.package_identification:_identify(src/custom_interfaces_example) by extensions ['colcon_meta']
[0.195s] Level 1:colcon.colcon_core.package_identification:_identify(src/custom_interfaces_example) by extension 'colcon_meta'
[0.196s] Level 1:colcon.colcon_core.package_identification:_identify(src/custom_interfaces_example) by extensions ['ros']
[0.196s] Level 1:colcon.colcon_core.package_identification:_identify(src/custom_interfaces_example) by extension 'ros'
[0.196s] DEBUG:colcon.colcon_core.package_identification:Package 'src/custom_interfaces_example' with type 'ros.ament_cmake' and name 'custom_interfaces_example'
[0.196s] Level 1:colcon.colcon_core.package_identification:_identify(src/moving_service) by extensions ['ignore', 'ignore_ament_install']
[0.196s] Level 1:colcon.colcon_core.package_identification:_identify(src/moving_service) by extension 'ignore'
[0.196s] Level 1:colcon.colcon_core.package_identification:_identify(src/moving_service) by extension 'ignore_ament_install'
[0.196s] Level 1:colcon.colcon_core.package_identification:_identify(src/moving_service) by extensions ['colcon_pkg']
[0.196s] Level 1:colcon.colcon_core.package_identification:_identify(src/moving_service) by extension 'colcon_pkg'
[0.196s] Level 1:colcon.colcon_core.package_identification:_identify(src/moving_service) by extensions ['colcon_meta']
[0.196s] Level 1:colcon.colcon_core.package_identification:_identify(src/moving_service) by extension 'colcon_meta'
[0.196s] Level 1:colcon.colcon_core.package_identification:_identify(src/moving_service) by extensions ['ros']
[0.196s] Level 1:colcon.colcon_core.package_identification:_identify(src/moving_service) by extension 'ros'
[0.197s] DEBUG:colcon.colcon_core.package_identification:Package 'src/moving_service' with type 'ros.ament_cmake' and name 'moving_service'
[0.197s] Level 1:colcon.colcon_core.package_identification:_identify(src/my_cpp_package) by extensions ['ignore', 'ignore_ament_install']
[0.197s] Level 1:colcon.colcon_core.package_identification:_identify(src/my_cpp_package) by extension 'ignore'
[0.197s] Level 1:colcon.colcon_core.package_identification:_identify(src/my_cpp_package) by extension 'ignore_ament_install'
[0.197s] Level 1:colcon.colcon_core.package_identification:_identify(src/my_cpp_package) by extensions ['colcon_pkg']
[0.197s] Level 1:colcon.colcon_core.package_identification:_identify(src/my_cpp_package) by extension 'colcon_pkg'
[0.197s] Level 1:colcon.colcon_core.package_identification:_identify(src/my_cpp_package) by extensions ['colcon_meta']
[0.197s] Level 1:colcon.colcon_core.package_identification:_identify(src/my_cpp_package) by extension 'colcon_meta'
[0.197s] Level 1:colcon.colcon_core.package_identification:_identify(src/my_cpp_package) by extensions ['ros']
[0.197s] Level 1:colcon.colcon_core.package_identification:_identify(src/my_cpp_package) by extension 'ros'
[0.197s] DEBUG:colcon.colcon_core.package_identification:Package 'src/my_cpp_package' with type 'ros.ament_cmake' and name 'my_cpp_package'
[0.197s] Level 1:colcon.colcon_core.package_identification:_identify(src/tutorial_topic) by extensions ['ignore', 'ignore_ament_install']
[0.197s] Level 1:colcon.colcon_core.package_identification:_identify(src/tutorial_topic) by extension 'ignore'
[0.197s] Level 1:colcon.colcon_core.package_identification:_identify(src/tutorial_topic) by extension 'ignore_ament_install'
[0.197s] Level 1:colcon.colcon_core.package_identification:_identify(src/tutorial_topic) by extensions ['colcon_pkg']
[0.197s] Level 1:colcon.colcon_core.package_identification:_identify(src/tutorial_topic) by extension 'colcon_pkg'
[0.197s] Level 1:colcon.colcon_core.package_identification:_identify(src/tutorial_topic) by extensions ['colcon_meta']
[0.197s] Level 1:colcon.colcon_core.package_identification:_identify(src/tutorial_topic) by extension 'colcon_meta'
[0.197s] Level 1:colcon.colcon_core.package_identification:_identify(src/tutorial_topic) by extensions ['ros']
[0.197s] Level 1:colcon.colcon_core.package_identification:_identify(src/tutorial_topic) by extension 'ros'
[0.198s] DEBUG:colcon.colcon_core.package_identification:Package 'src/tutorial_topic' with type 'ros.ament_cmake' and name 'tutorial_topic'
[0.198s] Level 1:colcon.colcon_core.package_discovery:discover_packages(recursive) using defaults
[0.198s] Level 1:colcon.colcon_core.package_discovery:discover_packages(ignore) discover
[0.198s] Level 1:colcon.colcon_core.package_discovery:discover_packages(ignore) using defaults
[0.198s] Level 1:colcon.colcon_core.package_discovery:discover_packages(path) discover
[0.198s] Level 1:colcon.colcon_core.package_discovery:discover_packages(path) using defaults
[0.211s] INFO:colcon.colcon_core.package_selection:Skipping not selected package 'custom_interfaces' in 'src/custom_interfaces'
[0.211s] INFO:colcon.colcon_core.package_selection:Skipping not selected package 'my_cpp_package' in 'src/my_cpp_package'
[0.211s] INFO:colcon.colcon_core.package_selection:Skipping not selected package 'tutorial_topic' in 'src/tutorial_topic'
[0.211s] INFO:colcon.colcon_core.package_selection:Skipping not selected package 'custom_interfaces_example' in 'src/custom_interfaces_example'
[0.211s] Level 1:colcon.colcon_core.package_discovery:discover_packages(prefix_path) check parameters
[0.211s] Level 1:colcon.colcon_core.package_discovery:discover_packages(prefix_path) discover
[0.212s] DEBUG:colcon.colcon_installed_package_information.package_discovery:Found 4 installed packages in /home/js/ros2_ws_c/install
[0.213s] DEBUG:colcon.colcon_installed_package_information.package_discovery:Found 1 installed packages in /home/js/ros2_ws/install
[0.213s] DEBUG:colcon.colcon_installed_package_information.package_discovery:Found 368 installed packages in /opt/ros/humble
[0.214s] Level 1:colcon.colcon_core.package_discovery:discover_packages(prefix_path) using defaults
[0.240s] Level 5:colcon.colcon_core.verb:set package 'moving_service' build argument 'cmake_args' from command line to '['-DCMAKE_EXPORT_COMPILE_COMMANDS=ON']'
[0.240s] Level 5:colcon.colcon_core.verb:set package 'moving_service' build argument 'cmake_target' from command line to 'None'
[0.240s] Level 5:colcon.colcon_core.verb:set package 'moving_service' build argument 'cmake_target_skip_unavailable' from command line to 'False'
[0.240s] Level 5:colcon.colcon_core.verb:set package 'moving_service' build argument 'cmake_clean_cache' from command line to 'False'
[0.240s] Level 5:colcon.colcon_core.verb:set package 'moving_service' build argument 'cmake_clean_first' from command line to 'False'
[0.240s] Level 5:colcon.colcon_core.verb:set package 'moving_service' build argument 'cmake_force_configure' from command line to 'False'
[0.240s] Level 5:colcon.colcon_core.verb:set package 'moving_service' build argument 'ament_cmake_args' from command line to 'None'
[0.240s] Level 5:colcon.colcon_core.verb:set package 'moving_service' build argument 'catkin_cmake_args' from command line to 'None'
[0.240s] Level 5:colcon.colcon_core.verb:set package 'moving_service' build argument 'catkin_skip_building_tests' from command line to 'False'
[0.240s] DEBUG:colcon.colcon_core.verb:Building package 'moving_service' with the following arguments: {'ament_cmake_args': None, 'build_base': '/home/js/ros2_ws_c/build/moving_service', 'catkin_cmake_args': None, 'catkin_skip_building_tests': False, 'cmake_args': ['-DCMAKE_EXPORT_COMPILE_COMMANDS=ON'], 'cmake_clean_cache': False, 'cmake_clean_first': False, 'cmake_force_configure': False, 'cmake_target': None, 'cmake_target_skip_unavailable': False, 'install_base': '/home/js/ros2_ws_c/install/moving_service', 'merge_install': False, 'path': '/home/js/ros2_ws_c/src/moving_service', 'symlink_install': True, 'test_result_base': None}
[0.240s] INFO:colcon.colcon_core.executor:Executing jobs using 'parallel' executor
[0.241s] DEBUG:colcon.colcon_parallel_executor.executor.parallel:run_until_complete
[0.241s] INFO:colcon.colcon_ros.task.ament_cmake.build:Building ROS package in '/home/js/ros2_ws_c/src/moving_service' with build type 'ament_cmake'
[0.241s] INFO:colcon.colcon_cmake.task.cmake.build:Building CMake package in '/home/js/ros2_ws_c/src/moving_service'
[0.242s] INFO:colcon.colcon_core.plugin_system:Skipping extension 'colcon_core.shell.bat': Not used on non-Windows systems
[0.242s] INFO:colcon.colcon_core.shell:Skip shell extension 'powershell' for command environment: Not usable outside of PowerShell
[0.242s] DEBUG:colcon.colcon_core.shell:Skip shell extension 'dsv' for command environment
[0.264s] DEBUG:colcon.colcon_core.event_handler.log_command:Invoking command in '/home/js/ros2_ws_c/build/moving_service': CMAKE_PREFIX_PATH=${CMAKE_PREFIX_PATH}:/home/js/ros2_ws/install/my_package:/opt/ros/humble /usr/local/bin/cmake /home/js/ros2_ws_c/src/moving_service -DCMAKE_EXPORT_COMPILE_COMMANDS=ON -DAMENT_CMAKE_SYMLINK_INSTALL=1 -DCMAKE_INSTALL_PREFIX=/home/js/ros2_ws_c/install/moving_service
[1.921s] DEBUG:colcon.colcon_core.event_handler.log_command:Invoked command in '/home/js/ros2_ws_c/build/moving_service' returned '0': CMAKE_PREFIX_PATH=${CMAKE_PREFIX_PATH}:/home/js/ros2_ws/install/my_package:/opt/ros/humble /usr/local/bin/cmake /home/js/ros2_ws_c/src/moving_service -DCMAKE_EXPORT_COMPILE_COMMANDS=ON -DAMENT_CMAKE_SYMLINK_INSTALL=1 -DCMAKE_INSTALL_PREFIX=/home/js/ros2_ws_c/install/moving_service
[1.922s] DEBUG:colcon.colcon_core.event_handler.log_command:Invoking command in '/home/js/ros2_ws_c/build/moving_service': CMAKE_PREFIX_PATH=${CMAKE_PREFIX_PATH}:/home/js/ros2_ws/install/my_package:/opt/ros/humble /usr/local/bin/cmake --build /home/js/ros2_ws_c/build/moving_service -- -j16 -l16
[4.965s] DEBUG:colcon.colcon_core.event_handler.log_command:Invoked command in '/home/js/ros2_ws_c/build/moving_service' returned '0': CMAKE_PREFIX_PATH=${CMAKE_PREFIX_PATH}:/home/js/ros2_ws/install/my_package:/opt/ros/humble /usr/local/bin/cmake --build /home/js/ros2_ws_c/build/moving_service -- -j16 -l16
[4.974s] DEBUG:colcon.colcon_core.event_handler.log_command:Invoking command in '/home/js/ros2_ws_c/build/moving_service': CMAKE_PREFIX_PATH=${CMAKE_PREFIX_PATH}:/home/js/ros2_ws/install/my_package:/opt/ros/humble /usr/local/bin/cmake --install /home/js/ros2_ws_c/build/moving_service
[5.122s] Level 1:colcon.colcon_core.environment:create_environment_scripts_only(moving_service)
[5.123s] DEBUG:colcon.colcon_core.event_handler.log_command:Invoked command in '/home/js/ros2_ws_c/build/moving_service' returned '0': CMAKE_PREFIX_PATH=${CMAKE_PREFIX_PATH}:/home/js/ros2_ws/install/my_package:/opt/ros/humble /usr/local/bin/cmake --install /home/js/ros2_ws_c/build/moving_service
[5.130s] Level 1:colcon.colcon_core.environment:checking '/home/js/ros2_ws_c/install/moving_service' for CMake module files
[5.131s] Level 1:colcon.colcon_core.environment:checking '/home/js/ros2_ws_c/install/moving_service' for CMake config files
[5.131s] Level 1:colcon.colcon_core.shell:create_environment_hook('moving_service', 'cmake_prefix_path')
[5.131s] INFO:colcon.colcon_core.shell:Creating environment hook '/home/js/ros2_ws_c/install/moving_service/share/moving_service/hook/cmake_prefix_path.ps1'
[5.132s] INFO:colcon.colcon_core.shell:Creating environment descriptor '/home/js/ros2_ws_c/install/moving_service/share/moving_service/hook/cmake_prefix_path.dsv'
[5.132s] INFO:colcon.colcon_core.shell:Creating environment hook '/home/js/ros2_ws_c/install/moving_service/share/moving_service/hook/cmake_prefix_path.sh'
[5.133s] Level 1:colcon.colcon_core.environment:checking '/home/js/ros2_ws_c/install/moving_service/lib'
[5.133s] Level 1:colcon.colcon_core.environment:checking '/home/js/ros2_ws_c/install/moving_service/bin'
[5.133s] Level 1:colcon.colcon_core.environment:checking '/home/js/ros2_ws_c/install/moving_service/lib/pkgconfig/moving_service.pc'
[5.133s] Level 1:colcon.colcon_core.environment:checking '/home/js/ros2_ws_c/install/moving_service/lib/python3.10/site-packages'
[5.133s] Level 1:colcon.colcon_core.environment:checking '/home/js/ros2_ws_c/install/moving_service/bin'
[5.134s] INFO:colcon.colcon_core.shell:Creating package script '/home/js/ros2_ws_c/install/moving_service/share/moving_service/package.ps1'
[5.134s] INFO:colcon.colcon_core.shell:Creating package descriptor '/home/js/ros2_ws_c/install/moving_service/share/moving_service/package.dsv'
[5.135s] INFO:colcon.colcon_core.shell:Creating package script '/home/js/ros2_ws_c/install/moving_service/share/moving_service/package.sh'
[5.135s] INFO:colcon.colcon_core.shell:Creating package script '/home/js/ros2_ws_c/install/moving_service/share/moving_service/package.bash'
[5.135s] INFO:colcon.colcon_core.shell:Creating package script '/home/js/ros2_ws_c/install/moving_service/share/moving_service/package.zsh'
[5.136s] Level 1:colcon.colcon_core.environment:create_file_with_runtime_dependencies(/home/js/ros2_ws_c/install/moving_service/share/colcon-core/packages/moving_service)
[5.136s] Level 1:colcon.colcon_core.environment:create_environment_scripts_only(moving_service)
[5.136s] Level 1:colcon.colcon_core.environment:checking '/home/js/ros2_ws_c/install/moving_service' for CMake module files
[5.136s] Level 1:colcon.colcon_core.environment:checking '/home/js/ros2_ws_c/install/moving_service' for CMake config files
[5.137s] Level 1:colcon.colcon_core.shell:create_environment_hook('moving_service', 'cmake_prefix_path')
[5.137s] INFO:colcon.colcon_core.shell:Creating environment hook '/home/js/ros2_ws_c/install/moving_service/share/moving_service/hook/cmake_prefix_path.ps1'
[5.137s] INFO:colcon.colcon_core.shell:Creating environment descriptor '/home/js/ros2_ws_c/install/moving_service/share/moving_service/hook/cmake_prefix_path.dsv'
[5.137s] INFO:colcon.colcon_core.shell:Creating environment hook '/home/js/ros2_ws_c/install/moving_service/share/moving_service/hook/cmake_prefix_path.sh'
[5.137s] Level 1:colcon.colcon_core.environment:checking '/home/js/ros2_ws_c/install/moving_service/lib'
[5.137s] Level 1:colcon.colcon_core.environment:checking '/home/js/ros2_ws_c/install/moving_service/bin'
[5.137s] Level 1:colcon.colcon_core.environment:checking '/home/js/ros2_ws_c/install/moving_service/lib/pkgconfig/moving_service.pc'
[5.138s] Level 1:colcon.colcon_core.environment:checking '/home/js/ros2_ws_c/install/moving_service/lib/python3.10/site-packages'
[5.138s] Level 1:colcon.colcon_core.environment:checking '/home/js/ros2_ws_c/install/moving_service/bin'
[5.138s] INFO:colcon.colcon_core.shell:Creating package script '/home/js/ros2_ws_c/install/moving_service/share/moving_service/package.ps1'
[5.138s] INFO:colcon.colcon_core.shell:Creating package descriptor '/home/js/ros2_ws_c/install/moving_service/share/moving_service/package.dsv'
[5.138s] INFO:colcon.colcon_core.shell:Creating package script '/home/js/ros2_ws_c/install/moving_service/share/moving_service/package.sh'
[5.139s] INFO:colcon.colcon_core.shell:Creating package script '/home/js/ros2_ws_c/install/moving_service/share/moving_service/package.bash'
[5.139s] INFO:colcon.colcon_core.shell:Creating package script '/home/js/ros2_ws_c/install/moving_service/share/moving_service/package.zsh'
[5.139s] Level 1:colcon.colcon_core.environment:create_file_with_runtime_dependencies(/home/js/ros2_ws_c/install/moving_service/share/colcon-core/packages/moving_service)
[5.139s] DEBUG:colcon.colcon_parallel_executor.executor.parallel:closing loop
[5.139s] DEBUG:colcon.colcon_parallel_executor.executor.parallel:loop closed
[5.140s] DEBUG:colcon.colcon_parallel_executor.executor.parallel:run_until_complete finished with '0'
[5.140s] DEBUG:colcon.colcon_core.event_reactor:joining thread
[5.143s] INFO:colcon.colcon_core.plugin_system:Skipping extension 'colcon_notification.desktop_notification.terminal_notifier': Not used on non-Darwin systems
[5.143s] INFO:colcon.colcon_core.plugin_system:Skipping extension 'colcon_notification.desktop_notification.win32': Not used on non-Windows systems
[5.143s] INFO:colcon.colcon_notification.desktop_notification:Sending desktop notification using 'notify2'
[5.152s] DEBUG:colcon.colcon_core.event_reactor:joined thread
[5.152s] INFO:colcon.colcon_core.shell:Creating prefix script '/home/js/ros2_ws_c/install/local_setup.ps1'
[5.153s] INFO:colcon.colcon_core.shell:Creating prefix util module '/home/js/ros2_ws_c/install/_local_setup_util_ps1.py'
[5.154s] INFO:colcon.colcon_core.shell:Creating prefix chain script '/home/js/ros2_ws_c/install/setup.ps1'
[5.155s] INFO:colcon.colcon_core.shell:Creating prefix script '/home/js/ros2_ws_c/install/local_setup.sh'
[5.155s] INFO:colcon.colcon_core.shell:Creating prefix util module '/home/js/ros2_ws_c/install/_local_setup_util_sh.py'
[5.155s] INFO:colcon.colcon_core.shell:Creating prefix chain script '/home/js/ros2_ws_c/install/setup.sh'
[5.156s] INFO:colcon.colcon_core.shell:Creating prefix script '/home/js/ros2_ws_c/install/local_setup.bash'
[5.156s] INFO:colcon.colcon_core.shell:Creating prefix chain script '/home/js/ros2_ws_c/install/setup.bash'
[5.157s] INFO:colcon.colcon_core.shell:Creating prefix script '/home/js/ros2_ws_c/install/local_setup.zsh'
[5.157s] INFO:colcon.colcon_core.shell:Creating prefix chain script '/home/js/ros2_ws_c/install/setup.zsh'
