running egg_info
creating ../build/ros2_client/ros2_client.egg-info
writing ../build/ros2_client/ros2_client.egg-info/PKG-INFO
writing dependency_links to ../build/ros2_client/ros2_client.egg-info/dependency_links.txt
writing entry points to ../build/ros2_client/ros2_client.egg-info/entry_points.txt
writing requirements to ../build/ros2_client/ros2_client.egg-info/requires.txt
writing top-level names to ../build/ros2_client/ros2_client.egg-info/top_level.txt
writing manifest file '../build/ros2_client/ros2_client.egg-info/SOURCES.txt'
reading manifest file '../build/ros2_client/ros2_client.egg-info/SOURCES.txt'
writing manifest file '../build/ros2_client/ros2_client.egg-info/SOURCES.txt'
running build
running build_py
creating /home/ubuntu/Workspace/final_project/autonomous-driving-project/build/ros2_client/build
creating /home/ubuntu/Workspace/final_project/autonomous-driving-project/build/ros2_client/build/lib
creating /home/ubuntu/Workspace/final_project/autonomous-driving-project/build/ros2_client/build/lib/ros2_client
copying ros2_client/__init__.py -> /home/ubuntu/Workspace/final_project/autonomous-driving-project/build/ros2_client/build/lib/ros2_client
copying ros2_client/tcp_client_node.py -> /home/ubuntu/Workspace/final_project/autonomous-driving-project/build/ros2_client/build/lib/ros2_client
running install
running install_lib
creating /home/ubuntu/Workspace/final_project/autonomous-driving-project/install/ros2_client/lib/python3.10/site-packages/ros2_client
copying /home/ubuntu/Workspace/final_project/autonomous-driving-project/build/ros2_client/build/lib/ros2_client/__init__.py -> /home/ubuntu/Workspace/final_project/autonomous-driving-project/install/ros2_client/lib/python3.10/site-packages/ros2_client
copying /home/ubuntu/Workspace/final_project/autonomous-driving-project/build/ros2_client/build/lib/ros2_client/tcp_client_node.py -> /home/ubuntu/Workspace/final_project/autonomous-driving-project/install/ros2_client/lib/python3.10/site-packages/ros2_client
byte-compiling /home/ubuntu/Workspace/final_project/autonomous-driving-project/install/ros2_client/lib/python3.10/site-packages/ros2_client/__init__.py to __init__.cpython-310.pyc
byte-compiling /home/ubuntu/Workspace/final_project/autonomous-driving-project/install/ros2_client/lib/python3.10/site-packages/ros2_client/tcp_client_node.py to tcp_client_node.cpython-310.pyc
running install_data
creating /home/ubuntu/Workspace/final_project/autonomous-driving-project/install/ros2_client/share/ament_index
creating /home/ubuntu/Workspace/final_project/autonomous-driving-project/install/ros2_client/share/ament_index/resource_index
creating /home/ubuntu/Workspace/final_project/autonomous-driving-project/install/ros2_client/share/ament_index/resource_index/packages
copying resource/ros2_client -> /home/ubuntu/Workspace/final_project/autonomous-driving-project/install/ros2_client/share/ament_index/resource_index/packages
copying package.xml -> /home/ubuntu/Workspace/final_project/autonomous-driving-project/install/ros2_client/share/ros2_client
creating /home/ubuntu/Workspace/final_project/autonomous-driving-project/install/ros2_client/share/ros2_client/launch
copying launch/traffic_light_client.launch.py -> /home/ubuntu/Workspace/final_project/autonomous-driving-project/install/ros2_client/share/ros2_client/launch
running install_egg_info
Copying ../build/ros2_client/ros2_client.egg-info to /home/ubuntu/Workspace/final_project/autonomous-driving-project/install/ros2_client/lib/python3.10/site-packages/ros2_client-0.1.0-py3.10.egg-info
running install_scripts
Installing traffic_light_client script to /home/ubuntu/Workspace/final_project/autonomous-driving-project/install/ros2_client/lib/ros2_client
writing list of installed files to '/home/ubuntu/Workspace/final_project/autonomous-driving-project/build/ros2_client/install.log'
