[0.007s] Invoking command in '/home/js/ros2_ws_c/build/my_cpp_package': CMAKE_PREFIX_PATH=/home/js/ros2_ws/install/my_package:/opt/ros/humble /usr/local/bin/cmake --build /home/js/ros2_ws_c/build/my_cpp_package -- -j16 -l16
[0.019s] -- Found ament_cmake: 1.3.12 (/opt/ros/humble/share/ament_cmake/cmake)
[0.086s] -- Found rclcpp: 16.0.14 (/opt/ros/humble/share/rclcpp/cmake)
[0.102s] -- Found rosidl_generator_c: 3.1.7 (/opt/ros/humble/share/rosidl_generator_c/cmake)
[0.103s] -- Found rosidl_adapter: 3.1.7 (/opt/ros/humble/share/rosidl_adapter/cmake)
[0.107s] -- Found rosidl_generator_cpp: 3.1.7 (/opt/ros/humble/share/rosidl_generator_cpp/cmake)
[0.112s] -- Using all available rosidl_typesupport_c: rosidl_typesupport_fastrtps_c;rosidl_typesupport_introspection_c
[0.119s] -- Using all available rosidl_typesupport_cpp: rosidl_typesupport_fastrtps_cpp;rosidl_typesupport_introspection_cpp
[0.137s] -- Found rmw_implementation_cmake: 6.1.2 (/opt/ros/humble/share/rmw_implementation_cmake/cmake)
[0.138s] -- Found rmw_fastrtps_cpp: 6.2.8 (/opt/ros/humble/share/rmw_fastrtps_cpp/cmake)
[0.193s] -- Using RMW implementation 'rmw_fastrtps_cpp' as default
[0.221s] -- Found ament_lint_auto: 0.12.14 (/opt/ros/humble/share/ament_lint_auto/cmake)
[0.259s] -- Added test 'cppcheck' to perform static code analysis on C / C++ code
[0.259s] -- Configured cppcheck include dirs: 
[0.259s] -- Configured cppcheck exclude dirs and/or files: 
[0.259s] -- Added test 'lint_cmake' to check CMake code style
[0.260s] -- Added test 'uncrustify' to check C / C++ code style
[0.260s] -- Configured uncrustify additional arguments: 
[0.260s] -- Added test 'xmllint' to check XML markup files
[0.260s] -- Configuring done
[0.264s] -- Generating done
[0.266s] -- Build files have been written to: /home/js/ros2_ws_c/build/my_cpp_package
[0.285s] [ 50%] [32mBuilding CXX object CMakeFiles/timer_node.dir/src/timer_node.cpp.o[0m
[1.665s] [100%] [32m[1mLinking CXX executable timer_node[0m
[1.729s] [100%] Built target timer_node
[1.733s] Invoked command in '/home/js/ros2_ws_c/build/my_cpp_package' returned '0': CMAKE_PREFIX_PATH=/home/js/ros2_ws/install/my_package:/opt/ros/humble /usr/local/bin/cmake --build /home/js/ros2_ws_c/build/my_cpp_package -- -j16 -l16
[1.736s] Invoking command in '/home/js/ros2_ws_c/build/my_cpp_package': CMAKE_PREFIX_PATH=/home/js/ros2_ws/install/my_package:/opt/ros/humble /usr/local/bin/cmake --install /home/js/ros2_ws_c/build/my_cpp_package
[1.739s] -- Install configuration: ""
[1.739s] -- Installing: /home/js/ros2_ws_c/install/my_cpp_package/lib/my_cpp_package/timer_node
[1.739s] -- Set runtime path of "/home/js/ros2_ws_c/install/my_cpp_package/lib/my_cpp_package/timer_node" to ""
[1.740s] -- Up-to-date: /home/js/ros2_ws_c/install/my_cpp_package/share/ament_index/resource_index/package_run_dependencies/my_cpp_package
[1.740s] -- Installing: /home/js/ros2_ws_c/install/my_cpp_package/share/ament_index/resource_index/parent_prefix_path/my_cpp_package
[1.740s] -- Up-to-date: /home/js/ros2_ws_c/install/my_cpp_package/share/my_cpp_package/environment/ament_prefix_path.sh
[1.740s] -- Installing: /home/js/ros2_ws_c/install/my_cpp_package/share/my_cpp_package/environment/ament_prefix_path.dsv
[1.740s] -- Up-to-date: /home/js/ros2_ws_c/install/my_cpp_package/share/my_cpp_package/environment/path.sh
[1.740s] -- Installing: /home/js/ros2_ws_c/install/my_cpp_package/share/my_cpp_package/environment/path.dsv
[1.740s] -- Up-to-date: /home/js/ros2_ws_c/install/my_cpp_package/share/my_cpp_package/local_setup.bash
[1.740s] -- Up-to-date: /home/js/ros2_ws_c/install/my_cpp_package/share/my_cpp_package/local_setup.sh
[1.740s] -- Up-to-date: /home/js/ros2_ws_c/install/my_cpp_package/share/my_cpp_package/local_setup.zsh
[1.740s] -- Installing: /home/js/ros2_ws_c/install/my_cpp_package/share/my_cpp_package/local_setup.dsv
[1.740s] -- Installing: /home/js/ros2_ws_c/install/my_cpp_package/share/my_cpp_package/package.dsv
[1.740s] -- Up-to-date: /home/js/ros2_ws_c/install/my_cpp_package/share/ament_index/resource_index/packages/my_cpp_package
[1.740s] -- Up-to-date: /home/js/ros2_ws_c/install/my_cpp_package/share/my_cpp_package/cmake/my_cpp_packageConfig.cmake
[1.740s] -- Up-to-date: /home/js/ros2_ws_c/install/my_cpp_package/share/my_cpp_package/cmake/my_cpp_packageConfig-version.cmake
[1.740s] -- Up-to-date: /home/js/ros2_ws_c/install/my_cpp_package/share/my_cpp_package/package.xml
[1.741s] Invoked command in '/home/js/ros2_ws_c/build/my_cpp_package' returned '0': CMAKE_PREFIX_PATH=/home/js/ros2_ws/install/my_package:/opt/ros/humble /usr/local/bin/cmake --install /home/js/ros2_ws_c/build/my_cpp_package
