-- Found ament_cmake: 1.3.12 (/opt/ros/humble/share/ament_cmake/cmake)
-- Override CMake install command with custom implementation using symlinks instead of copying resources
-- Found rclcpp: 16.0.14 (/opt/ros/humble/share/rclcpp/cmake)
-- Found rosidl_generator_c: 3.1.7 (/opt/ros/humble/share/rosidl_generator_c/cmake)
-- Found rosidl_adapter: 3.1.7 (/opt/ros/humble/share/rosidl_adapter/cmake)
-- Found rosidl_generator_cpp: 3.1.7 (/opt/ros/humble/share/rosidl_generator_cpp/cmake)
-- Using all available rosidl_typesupport_c: rosidl_typesupport_fastrtps_c;rosidl_typesupport_introspection_c
-- Using all available rosidl_typesupport_cpp: rosidl_typesupport_fastrtps_cpp;rosidl_typesupport_introspection_cpp
-- Found rmw_implementation_cmake: 6.1.2 (/opt/ros/humble/share/rmw_implementation_cmake/cmake)
-- Found rmw_fastrtps_cpp: 6.2.8 (/opt/ros/humble/share/rmw_fastrtps_cpp/cmake)
-- Using RMW implementation 'rmw_fastrtps_cpp' as default
-- Found custom_interfaces: 0.0.0 (/home/js/ros2_ws_c/install/custom_interfaces/share/custom_interfaces/cmake)
-- Found ament_lint_auto: 0.12.14 (/opt/ros/humble/share/ament_lint_auto/cmake)
-- Added test 'cppcheck' to perform static code analysis on C / C++ code
-- Configured cppcheck include dirs: 
-- Configured cppcheck exclude dirs and/or files: 
-- Added test 'lint_cmake' to check CMake code style
-- Added test 'uncrustify' to check C / C++ code style
-- Configured uncrustify additional arguments: 
-- Added test 'xmllint' to check XML markup files
-- Configuring done
-- Generating done
-- Build files have been written to: /home/js/ros2_ws_c/build/custom_interfaces_example
[35m[1mConsolidate compiler generated dependencies of target robot_status_publisher[0m
[100%] Built target robot_status_publisher
-- Install configuration: ""
-- Execute custom install script
-- Up-to-date symlink: /home/js/ros2_ws_c/install/custom_interfaces_example/lib/custom_interfaces_example/robot_status_publisher
-- Up-to-date symlink: /home/js/ros2_ws_c/install/custom_interfaces_example/share/ament_index/resource_index/package_run_dependencies/custom_interfaces_example
-- Up-to-date symlink: /home/js/ros2_ws_c/install/custom_interfaces_example/share/ament_index/resource_index/parent_prefix_path/custom_interfaces_example
-- Up-to-date symlink: /home/js/ros2_ws_c/install/custom_interfaces_example/share/custom_interfaces_example/environment/ament_prefix_path.sh
-- Up-to-date symlink: /home/js/ros2_ws_c/install/custom_interfaces_example/share/custom_interfaces_example/environment/ament_prefix_path.dsv
-- Up-to-date symlink: /home/js/ros2_ws_c/install/custom_interfaces_example/share/custom_interfaces_example/environment/path.sh
-- Up-to-date symlink: /home/js/ros2_ws_c/install/custom_interfaces_example/share/custom_interfaces_example/environment/path.dsv
-- Up-to-date symlink: /home/js/ros2_ws_c/install/custom_interfaces_example/share/custom_interfaces_example/local_setup.bash
-- Up-to-date symlink: /home/js/ros2_ws_c/install/custom_interfaces_example/share/custom_interfaces_example/local_setup.sh
-- Up-to-date symlink: /home/js/ros2_ws_c/install/custom_interfaces_example/share/custom_interfaces_example/local_setup.zsh
-- Up-to-date symlink: /home/js/ros2_ws_c/install/custom_interfaces_example/share/custom_interfaces_example/local_setup.dsv
-- Symlinking: /home/js/ros2_ws_c/install/custom_interfaces_example/share/custom_interfaces_example/package.dsv
-- Up-to-date symlink: /home/js/ros2_ws_c/install/custom_interfaces_example/share/ament_index/resource_index/packages/custom_interfaces_example
-- Up-to-date symlink: /home/js/ros2_ws_c/install/custom_interfaces_example/share/custom_interfaces_example/cmake/custom_interfaces_exampleConfig.cmake
-- Up-to-date symlink: /home/js/ros2_ws_c/install/custom_interfaces_example/share/custom_interfaces_example/cmake/custom_interfaces_exampleConfig-version.cmake
-- Up-to-date symlink: /home/js/ros2_ws_c/install/custom_interfaces_example/share/custom_interfaces_example/package.xml
