[30.027s] Invoking command in '/home/ubuntu/Workspace/final_project/autonomous-driving-project/ros2_client': PYTHONPATH=/home/ubuntu/Workspace/final_project/autonomous-driving-project/build/ros2_client/prefix_override:/usr/lib/python3/dist-packages/colcon_core/task/python/colcon_distutils_commands:/home/ubuntu/Workspace/final_project/autonomous-driving-project/install/ros2_client/lib/python3.10/site-packages: /usr/bin/python3 -W ignore:setup.py install is deprecated -W ignore:easy_install command is deprecated setup.py egg_info --egg-base ../build/ros2_client build --build-base /home/ubuntu/Workspace/final_project/autonomous-driving-project/build/ros2_client/build install --record /home/ubuntu/Workspace/final_project/autonomous-driving-project/build/ros2_client/install.log --single-version-externally-managed install_data
[30.246s] running egg_info
[30.247s] writing ../build/ros2_client/ros2_client.egg-info/PKG-INFO
[30.247s] writing dependency_links to ../build/ros2_client/ros2_client.egg-info/dependency_links.txt
[30.247s] writing entry points to ../build/ros2_client/ros2_client.egg-info/entry_points.txt
[30.247s] writing requirements to ../build/ros2_client/ros2_client.egg-info/requires.txt
[30.247s] writing top-level names to ../build/ros2_client/ros2_client.egg-info/top_level.txt
[30.249s] reading manifest file '../build/ros2_client/ros2_client.egg-info/SOURCES.txt'
[30.251s] writing manifest file '../build/ros2_client/ros2_client.egg-info/SOURCES.txt'
[30.251s] running build
[30.251s] running build_py
[30.252s] copying ros2_client/tcp_client_node.py -> /home/ubuntu/Workspace/final_project/autonomous-driving-project/build/ros2_client/build/lib/ros2_client
[30.252s] running install
[30.252s] running install_lib
[30.252s] copying /home/ubuntu/Workspace/final_project/autonomous-driving-project/build/ros2_client/build/lib/ros2_client/tcp_client_node.py -> /home/ubuntu/Workspace/final_project/autonomous-driving-project/install/ros2_client/lib/python3.10/site-packages/ros2_client
[30.253s] byte-compiling /home/ubuntu/Workspace/final_project/autonomous-driving-project/install/ros2_client/lib/python3.10/site-packages/ros2_client/tcp_client_node.py to tcp_client_node.cpython-310.pyc
[30.254s] running install_data
[30.254s] running install_egg_info
[30.257s] removing '/home/ubuntu/Workspace/final_project/autonomous-driving-project/install/ros2_client/lib/python3.10/site-packages/ros2_client-0.1.0-py3.10.egg-info' (and everything under it)
[30.257s] Copying ../build/ros2_client/ros2_client.egg-info to /home/ubuntu/Workspace/final_project/autonomous-driving-project/install/ros2_client/lib/python3.10/site-packages/ros2_client-0.1.0-py3.10.egg-info
[30.258s] running install_scripts
[30.280s] Installing traffic_light_client script to /home/ubuntu/Workspace/final_project/autonomous-driving-project/install/ros2_client/lib/ros2_client
[30.280s] writing list of installed files to '/home/ubuntu/Workspace/final_project/autonomous-driving-project/build/ros2_client/install.log'
[60.049s] Invoked command in '/home/ubuntu/Workspace/final_project/autonomous-driving-project/ros2_client' returned '0': PYTHONPATH=/home/ubuntu/Workspace/final_project/autonomous-driving-project/build/ros2_client/prefix_override:/usr/lib/python3/dist-packages/colcon_core/task/python/colcon_distutils_commands:/home/ubuntu/Workspace/final_project/autonomous-driving-project/install/ros2_client/lib/python3.10/site-packages: /usr/bin/python3 -W ignore:setup.py install is deprecated -W ignore:easy_install command is deprecated setup.py egg_info --egg-base ../build/ros2_client build --build-base /home/ubuntu/Workspace/final_project/autonomous-driving-project/build/ros2_client/build install --record /home/ubuntu/Workspace/final_project/autonomous-driving-project/build/ros2_client/install.log --single-version-externally-managed install_data
