[0.023s] Invoking command in '/home/js/ros2_ws_c/build/moving_service': CMAKE_PREFIX_PATH=${CMAKE_PREFIX_PATH}:/home/js/ros2_ws/install/my_package:/opt/ros/humble /usr/local/bin/cmake /home/js/ros2_ws_c/src/moving_service -DCMAKE_EXPORT_COMPILE_COMMANDS=ON -DAMENT_CMAKE_SYMLINK_INSTALL=1 -DCMAKE_INSTALL_PREFIX=/home/js/ros2_ws_c/install/moving_service
[0.233s] -- The C compiler identification is GNU 13.1.0
[0.374s] -- The CXX compiler identification is GNU 13.1.0
[0.391s] -- Detecting C compiler ABI info
[0.530s] -- Detecting C compiler ABI info - done
[0.535s] -- Check for working C compiler: /usr/bin/cc - skipped
[0.535s] -- Detecting C compile features
[0.536s] -- Detecting C compile features - done
[0.538s] -- Detecting CXX compiler ABI info
[0.669s] -- Detecting CXX compiler ABI info - done
[0.674s] -- Check for working CXX compiler: /usr/bin/c++ - skipped
[0.674s] -- Detecting CXX compile features
[0.675s] -- Detecting CXX compile features - done
[0.679s] -- Found ament_cmake: 1.3.12 (/opt/ros/humble/share/ament_cmake/cmake)
[0.810s] -- Found Python3: /usr/bin/python3 (found version "3.10.12") found components: Interpreter 
[0.871s] -- Override CMake install command with custom implementation using symlinks instead of copying resources
[0.902s] -- Found rclcpp: 16.0.14 (/opt/ros/humble/share/rclcpp/cmake)
[0.938s] -- Found rosidl_generator_c: 3.1.7 (/opt/ros/humble/share/rosidl_generator_c/cmake)
[0.942s] -- Found rosidl_adapter: 3.1.7 (/opt/ros/humble/share/rosidl_adapter/cmake)
[0.948s] -- Found rosidl_generator_cpp: 3.1.7 (/opt/ros/humble/share/rosidl_generator_cpp/cmake)
[0.958s] -- Using all available rosidl_typesupport_c: rosidl_typesupport_fastrtps_c;rosidl_typesupport_introspection_c
[0.971s] -- Using all available rosidl_typesupport_cpp: rosidl_typesupport_fastrtps_cpp;rosidl_typesupport_introspection_cpp
[1.006s] -- Found rmw_implementation_cmake: 6.1.2 (/opt/ros/humble/share/rmw_implementation_cmake/cmake)
[1.008s] -- Found rmw_fastrtps_cpp: 6.2.8 (/opt/ros/humble/share/rmw_fastrtps_cpp/cmake)
[1.198s] -- Found OpenSSL: /usr/lib/x86_64-linux-gnu/libcrypto.so (found version "3.0.2")  
[1.229s] -- Found FastRTPS: /opt/ros/humble/include  
[1.273s] -- Using RMW implementation 'rmw_fastrtps_cpp' as default
[1.280s] -- Looking for pthread.h
[1.401s] -- Looking for pthread.h - found
[1.401s] -- Performing Test CMAKE_HAVE_LIBC_PTHREAD
[1.536s] -- Performing Test CMAKE_HAVE_LIBC_PTHREAD - Success
[1.537s] -- Found Threads: TRUE  
[1.577s] -- Found std_srvs: 4.9.0 (/opt/ros/humble/share/std_srvs/cmake)
[1.585s] -- Found geometry_msgs: 4.9.0 (/opt/ros/humble/share/geometry_msgs/cmake)
[1.598s] -- Found ament_lint_auto: 0.12.14 (/opt/ros/humble/share/ament_lint_auto/cmake)
[1.660s] -- Added test 'cppcheck' to perform static code analysis on C / C++ code
[1.660s] -- Configured cppcheck include dirs: 
[1.660s] -- Configured cppcheck exclude dirs and/or files: 
[1.661s] -- Added test 'lint_cmake' to check CMake code style
[1.661s] -- Added test 'uncrustify' to check C / C++ code style
[1.662s] -- Configured uncrustify additional arguments: 
[1.662s] -- Added test 'xmllint' to check XML markup files
[1.663s] -- Configuring done
[1.670s] -- Generating done
[1.673s] -- Build files have been written to: /home/js/ros2_ws_c/build/moving_service
[1.680s] Invoked command in '/home/js/ros2_ws_c/build/moving_service' returned '0': CMAKE_PREFIX_PATH=${CMAKE_PREFIX_PATH}:/home/js/ros2_ws/install/my_package:/opt/ros/humble /usr/local/bin/cmake /home/js/ros2_ws_c/src/moving_service -DCMAKE_EXPORT_COMPILE_COMMANDS=ON -DAMENT_CMAKE_SYMLINK_INSTALL=1 -DCMAKE_INSTALL_PREFIX=/home/js/ros2_ws_c/install/moving_service
[1.681s] Invoking command in '/home/js/ros2_ws_c/build/moving_service': CMAKE_PREFIX_PATH=${CMAKE_PREFIX_PATH}:/home/js/ros2_ws/install/my_package:/opt/ros/humble /usr/local/bin/cmake --build /home/js/ros2_ws_c/build/moving_service -- -j16 -l16
[1.763s] [ 25%] [32mBuilding CXX object CMakeFiles/circle_node.dir/src/circle_node.cpp.o[0m
[1.764s] [ 50%] [32mBuilding CXX object CMakeFiles/spin_node.dir/src/spin_node.cpp.o[0m
[4.519s] [ 75%] [32m[1mLinking CXX executable circle_node[0m
[4.543s] [100%] [32m[1mLinking CXX executable spin_node[0m
[4.690s] [100%] Built target circle_node
[4.708s] [100%] Built target spin_node
[4.724s] Invoked command in '/home/js/ros2_ws_c/build/moving_service' returned '0': CMAKE_PREFIX_PATH=${CMAKE_PREFIX_PATH}:/home/js/ros2_ws/install/my_package:/opt/ros/humble /usr/local/bin/cmake --build /home/js/ros2_ws_c/build/moving_service -- -j16 -l16
[4.733s] Invoking command in '/home/js/ros2_ws_c/build/moving_service': CMAKE_PREFIX_PATH=${CMAKE_PREFIX_PATH}:/home/js/ros2_ws/install/my_package:/opt/ros/humble /usr/local/bin/cmake --install /home/js/ros2_ws_c/build/moving_service
[4.740s] -- Install configuration: ""
[4.740s] -- Execute custom install script
[4.741s] -- Symlinking: /home/js/ros2_ws_c/install/moving_service/lib/moving_service/circle_node
[4.748s] -- Symlinking: /home/js/ros2_ws_c/install/moving_service/lib/moving_service/spin_node
[4.756s] -- Symlinking: /home/js/ros2_ws_c/install/moving_service/share/ament_index/resource_index/package_run_dependencies/moving_service
[4.764s] -- Symlinking: /home/js/ros2_ws_c/install/moving_service/share/ament_index/resource_index/parent_prefix_path/moving_service
[4.772s] -- Symlinking: /home/js/ros2_ws_c/install/moving_service/share/moving_service/environment/ament_prefix_path.sh
[4.782s] -- Symlinking: /home/js/ros2_ws_c/install/moving_service/share/moving_service/environment/ament_prefix_path.dsv
[4.793s] -- Symlinking: /home/js/ros2_ws_c/install/moving_service/share/moving_service/environment/path.sh
[4.800s] -- Symlinking: /home/js/ros2_ws_c/install/moving_service/share/moving_service/environment/path.dsv
[4.808s] -- Symlinking: /home/js/ros2_ws_c/install/moving_service/share/moving_service/local_setup.bash
[4.818s] -- Symlinking: /home/js/ros2_ws_c/install/moving_service/share/moving_service/local_setup.sh
[4.826s] -- Symlinking: /home/js/ros2_ws_c/install/moving_service/share/moving_service/local_setup.zsh
[4.834s] -- Symlinking: /home/js/ros2_ws_c/install/moving_service/share/moving_service/local_setup.dsv
[4.841s] -- Symlinking: /home/js/ros2_ws_c/install/moving_service/share/moving_service/package.dsv
[4.850s] -- Symlinking: /home/js/ros2_ws_c/install/moving_service/share/ament_index/resource_index/packages/moving_service
[4.857s] -- Symlinking: /home/js/ros2_ws_c/install/moving_service/share/moving_service/cmake/moving_serviceConfig.cmake
[4.865s] -- Symlinking: /home/js/ros2_ws_c/install/moving_service/share/moving_service/cmake/moving_serviceConfig-version.cmake
[4.873s] -- Symlinking: /home/js/ros2_ws_c/install/moving_service/share/moving_service/package.xml
[4.882s] Invoked command in '/home/js/ros2_ws_c/build/moving_service' returned '0': CMAKE_PREFIX_PATH=${CMAKE_PREFIX_PATH}:/home/js/ros2_ws/install/my_package:/opt/ros/humble /usr/local/bin/cmake --install /home/js/ros2_ws_c/build/moving_service
