[0.147s] DEBUG:colcon:Command line arguments: ['/usr/bin/colcon', 'build', '--packages-select', 'ros2_client']
[0.148s] DEBUG:colcon:Parsed command line arguments: Namespace(log_base=None, log_level=None, verb_name='build', build_base='build', install_base='install', merge_install=False, symlink_install=False, test_result_base=None, continue_on_error=False, executor='parallel', parallel_workers=4, event_handlers=None, ignore_user_meta=False, metas=['./colcon.meta'], base_paths=['.'], packages_ignore=None, packages_ignore_regex=None, paths=None, packages_up_to=None, packages_up_to_regex=None, packages_above=None, packages_above_and_dependencies=None, packages_above_depth=None, packages_select_by_dep=None, packages_skip_by_dep=None, packages_skip_up_to=None, packages_select_build_failed=False, packages_skip_build_finished=False, packages_select_test_failures=False, packages_skip_test_passed=False, packages_select=['ros2_client'], packages_skip=None, packages_select_regex=None, packages_skip_regex=None, packages_start=None, packages_end=None, allow_overriding=[], cmake_args=None, cmake_target=None, cmake_target_skip_unavailable=False, cmake_clean_cache=False, cmake_clean_first=False, cmake_force_configure=False, ament_cmake_args=None, catkin_cmake_args=None, catkin_skip_building_tests=False, verb_parser=<colcon_defaults.argument_parser.defaults.DefaultArgumentsDecorator object at 0x70efa0507ee0>, verb_extension=<colcon_core.verb.build.BuildVerb object at 0x70efa0507b20>, main=<bound method BuildVerb.main of <colcon_core.verb.build.BuildVerb object at 0x70efa0507b20>>)
[0.357s] Level 1:colcon.colcon_core.package_discovery:discover_packages(colcon_meta) check parameters
[0.357s] Level 1:colcon.colcon_core.package_discovery:discover_packages(recursive) check parameters
[0.357s] Level 1:colcon.colcon_core.package_discovery:discover_packages(ignore) check parameters
[0.357s] Level 1:colcon.colcon_core.package_discovery:discover_packages(path) check parameters
[0.358s] Level 1:colcon.colcon_core.package_discovery:discover_packages(colcon_meta) discover
[0.358s] Level 1:colcon.colcon_core.package_discovery:discover_packages(recursive) discover
[0.358s] INFO:colcon.colcon_core.package_discovery:Crawling recursively for packages in '/home/ubuntu/Workspace/final_project/autonomous-driving-project/ros2_client'
[0.358s] Level 1:colcon.colcon_core.package_identification:_identify(.) by extensions ['ignore', 'ignore_ament_install']
[0.358s] Level 1:colcon.colcon_core.package_identification:_identify(.) by extension 'ignore'
[0.358s] Level 1:colcon.colcon_core.package_identification:_identify(.) by extension 'ignore_ament_install'
[0.358s] Level 1:colcon.colcon_core.package_identification:_identify(.) by extensions ['colcon_pkg']
[0.358s] Level 1:colcon.colcon_core.package_identification:_identify(.) by extension 'colcon_pkg'
[0.358s] Level 1:colcon.colcon_core.package_identification:_identify(.) by extensions ['colcon_meta']
[0.358s] Level 1:colcon.colcon_core.package_identification:_identify(.) by extension 'colcon_meta'
[0.358s] Level 1:colcon.colcon_core.package_identification:_identify(.) by extensions ['ros']
[0.358s] Level 1:colcon.colcon_core.package_identification:_identify(.) by extension 'ros'
[0.372s] DEBUG:colcon.colcon_core.package_identification:Package '.' with type 'ros.ament_python' and name 'ros2_client'
[0.373s] Level 1:colcon.colcon_core.package_discovery:discover_packages(recursive) using defaults
[0.373s] Level 1:colcon.colcon_core.package_discovery:discover_packages(ignore) discover
[0.373s] Level 1:colcon.colcon_core.package_discovery:discover_packages(ignore) using defaults
[0.373s] Level 1:colcon.colcon_core.package_discovery:discover_packages(path) discover
[0.373s] Level 1:colcon.colcon_core.package_discovery:discover_packages(path) using defaults
[0.397s] Level 1:colcon.colcon_core.package_discovery:discover_packages(prefix_path) check parameters
[0.398s] Level 1:colcon.colcon_core.package_discovery:discover_packages(prefix_path) discover
[0.413s] DEBUG:colcon.colcon_installed_package_information.package_discovery:Found 1 installed packages in /home/ubuntu/Workspace/final_project/autonomous-driving-project/ros2_client/install
[0.413s] DEBUG:colcon.colcon_installed_package_information.package_discovery:Found 271 installed packages in /opt/ros/humble
[0.426s] Level 1:colcon.colcon_core.package_discovery:discover_packages(prefix_path) using defaults
[0.487s] Level 5:colcon.colcon_core.verb:set package 'ros2_client' build argument 'cmake_args' from command line to 'None'
[0.488s] Level 5:colcon.colcon_core.verb:set package 'ros2_client' build argument 'cmake_target' from command line to 'None'
[0.488s] Level 5:colcon.colcon_core.verb:set package 'ros2_client' build argument 'cmake_target_skip_unavailable' from command line to 'False'
[0.489s] Level 5:colcon.colcon_core.verb:set package 'ros2_client' build argument 'cmake_clean_cache' from command line to 'False'
[0.489s] Level 5:colcon.colcon_core.verb:set package 'ros2_client' build argument 'cmake_clean_first' from command line to 'False'
[0.489s] Level 5:colcon.colcon_core.verb:set package 'ros2_client' build argument 'cmake_force_configure' from command line to 'False'
[0.489s] Level 5:colcon.colcon_core.verb:set package 'ros2_client' build argument 'ament_cmake_args' from command line to 'None'
[0.489s] Level 5:colcon.colcon_core.verb:set package 'ros2_client' build argument 'catkin_cmake_args' from command line to 'None'
[0.489s] Level 5:colcon.colcon_core.verb:set package 'ros2_client' build argument 'catkin_skip_building_tests' from command line to 'False'
[0.489s] DEBUG:colcon.colcon_core.verb:Building package 'ros2_client' with the following arguments: {'ament_cmake_args': None, 'build_base': '/home/ubuntu/Workspace/final_project/autonomous-driving-project/ros2_client/build/ros2_client', 'catkin_cmake_args': None, 'catkin_skip_building_tests': False, 'cmake_args': None, 'cmake_clean_cache': False, 'cmake_clean_first': False, 'cmake_force_configure': False, 'cmake_target': None, 'cmake_target_skip_unavailable': False, 'install_base': '/home/ubuntu/Workspace/final_project/autonomous-driving-project/ros2_client/install/ros2_client', 'merge_install': False, 'path': '/home/ubuntu/Workspace/final_project/autonomous-driving-project/ros2_client', 'symlink_install': False, 'test_result_base': None}
[0.489s] INFO:colcon.colcon_core.executor:Executing jobs using 'parallel' executor
[0.492s] DEBUG:colcon.colcon_parallel_executor.executor.parallel:run_until_complete
[0.492s] INFO:colcon.colcon_ros.task.ament_python.build:Building ROS package in '/home/ubuntu/Workspace/final_project/autonomous-driving-project/ros2_client' with build type 'ament_python'
[0.492s] Level 1:colcon.colcon_core.shell:create_environment_hook('ros2_client', 'ament_prefix_path')
[0.495s] INFO:colcon.colcon_core.plugin_system:Skipping extension 'colcon_core.shell.bat': Not used on non-Windows systems
[0.495s] INFO:colcon.colcon_core.shell:Creating environment hook '/home/ubuntu/Workspace/final_project/autonomous-driving-project/ros2_client/install/ros2_client/share/ros2_client/hook/ament_prefix_path.ps1'
[0.497s] INFO:colcon.colcon_core.shell:Creating environment descriptor '/home/ubuntu/Workspace/final_project/autonomous-driving-project/ros2_client/install/ros2_client/share/ros2_client/hook/ament_prefix_path.dsv'
[0.498s] INFO:colcon.colcon_core.shell:Creating environment hook '/home/ubuntu/Workspace/final_project/autonomous-driving-project/ros2_client/install/ros2_client/share/ros2_client/hook/ament_prefix_path.sh'
[0.499s] INFO:colcon.colcon_core.shell:Skip shell extension 'powershell' for command environment: Not usable outside of PowerShell
[0.500s] DEBUG:colcon.colcon_core.shell:Skip shell extension 'dsv' for command environment
[0.829s] INFO:colcon.colcon_core.task.python.build:Building Python package in '/home/ubuntu/Workspace/final_project/autonomous-driving-project/ros2_client'
[0.829s] INFO:colcon.colcon_core.shell:Skip shell extension 'powershell' for command environment: Not usable outside of PowerShell
[0.829s] DEBUG:colcon.colcon_core.shell:Skip shell extension 'dsv' for command environment
[1.308s] DEBUG:colcon.colcon_core.event_handler.log_command:Invoking command in '/home/ubuntu/Workspace/final_project/autonomous-driving-project/ros2_client': PYTHONPATH=/home/ubuntu/Workspace/final_project/autonomous-driving-project/ros2_client/build/ros2_client/prefix_override:/usr/lib/python3/dist-packages/colcon_core/task/python/colcon_distutils_commands:/home/ubuntu/Workspace/final_project/autonomous-driving-project/ros2_client/install/ros2_client/lib/python3.10/site-packages:${PYTHONPATH} /usr/bin/python3 -W ignore:setup.py install is deprecated -W ignore:easy_install command is deprecated setup.py egg_info --egg-base build/ros2_client build --build-base /home/ubuntu/Workspace/final_project/autonomous-driving-project/ros2_client/build/ros2_client/build install --record /home/ubuntu/Workspace/final_project/autonomous-driving-project/ros2_client/build/ros2_client/install.log --single-version-externally-managed install_data
[1.645s] DEBUG:colcon.colcon_core.event_handler.log_command:Invoked command in '/home/ubuntu/Workspace/final_project/autonomous-driving-project/ros2_client' returned '0': PYTHONPATH=/home/ubuntu/Workspace/final_project/autonomous-driving-project/ros2_client/build/ros2_client/prefix_override:/usr/lib/python3/dist-packages/colcon_core/task/python/colcon_distutils_commands:/home/ubuntu/Workspace/final_project/autonomous-driving-project/ros2_client/install/ros2_client/lib/python3.10/site-packages:${PYTHONPATH} /usr/bin/python3 -W ignore:setup.py install is deprecated -W ignore:easy_install command is deprecated setup.py egg_info --egg-base build/ros2_client build --build-base /home/ubuntu/Workspace/final_project/autonomous-driving-project/ros2_client/build/ros2_client/build install --record /home/ubuntu/Workspace/final_project/autonomous-driving-project/ros2_client/build/ros2_client/install.log --single-version-externally-managed install_data
[1.647s] Level 1:colcon.colcon_core.environment:checking '/home/ubuntu/Workspace/final_project/autonomous-driving-project/ros2_client/install/ros2_client' for CMake module files
[1.648s] Level 1:colcon.colcon_core.environment:checking '/home/ubuntu/Workspace/final_project/autonomous-driving-project/ros2_client/install/ros2_client' for CMake config files
[1.651s] Level 1:colcon.colcon_core.environment:checking '/home/ubuntu/Workspace/final_project/autonomous-driving-project/ros2_client/install/ros2_client/lib'
[1.651s] Level 1:colcon.colcon_core.environment:checking '/home/ubuntu/Workspace/final_project/autonomous-driving-project/ros2_client/install/ros2_client/bin'
[1.651s] Level 1:colcon.colcon_core.environment:checking '/home/ubuntu/Workspace/final_project/autonomous-driving-project/ros2_client/install/ros2_client/lib/pkgconfig/ros2_client.pc'
[1.652s] Level 1:colcon.colcon_core.environment:checking '/home/ubuntu/Workspace/final_project/autonomous-driving-project/ros2_client/install/ros2_client/lib/python3.10/site-packages'
[1.652s] Level 1:colcon.colcon_core.shell:create_environment_hook('ros2_client', 'pythonpath')
[1.652s] INFO:colcon.colcon_core.shell:Creating environment hook '/home/ubuntu/Workspace/final_project/autonomous-driving-project/ros2_client/install/ros2_client/share/ros2_client/hook/pythonpath.ps1'
[1.653s] INFO:colcon.colcon_core.shell:Creating environment descriptor '/home/ubuntu/Workspace/final_project/autonomous-driving-project/ros2_client/install/ros2_client/share/ros2_client/hook/pythonpath.dsv'
[1.653s] INFO:colcon.colcon_core.shell:Creating environment hook '/home/ubuntu/Workspace/final_project/autonomous-driving-project/ros2_client/install/ros2_client/share/ros2_client/hook/pythonpath.sh'
[1.654s] Level 1:colcon.colcon_core.environment:checking '/home/ubuntu/Workspace/final_project/autonomous-driving-project/ros2_client/install/ros2_client/bin'
[1.654s] Level 1:colcon.colcon_core.environment:create_environment_scripts_only(ros2_client)
[1.655s] INFO:colcon.colcon_core.shell:Creating package script '/home/ubuntu/Workspace/final_project/autonomous-driving-project/ros2_client/install/ros2_client/share/ros2_client/package.ps1'
[1.656s] INFO:colcon.colcon_core.shell:Creating package descriptor '/home/ubuntu/Workspace/final_project/autonomous-driving-project/ros2_client/install/ros2_client/share/ros2_client/package.dsv'
[1.658s] INFO:colcon.colcon_core.shell:Creating package script '/home/ubuntu/Workspace/final_project/autonomous-driving-project/ros2_client/install/ros2_client/share/ros2_client/package.sh'
[1.660s] INFO:colcon.colcon_core.shell:Creating package script '/home/ubuntu/Workspace/final_project/autonomous-driving-project/ros2_client/install/ros2_client/share/ros2_client/package.bash'
[1.662s] INFO:colcon.colcon_core.shell:Creating package script '/home/ubuntu/Workspace/final_project/autonomous-driving-project/ros2_client/install/ros2_client/share/ros2_client/package.zsh'
[1.664s] Level 1:colcon.colcon_core.environment:create_file_with_runtime_dependencies(/home/ubuntu/Workspace/final_project/autonomous-driving-project/ros2_client/install/ros2_client/share/colcon-core/packages/ros2_client)
[1.668s] DEBUG:colcon.colcon_parallel_executor.executor.parallel:closing loop
[1.668s] DEBUG:colcon.colcon_parallel_executor.executor.parallel:loop closed
[1.668s] DEBUG:colcon.colcon_parallel_executor.executor.parallel:run_until_complete finished with '0'
[1.668s] DEBUG:colcon.colcon_core.event_reactor:joining thread
[1.676s] INFO:colcon.colcon_core.plugin_system:Skipping extension 'colcon_notification.desktop_notification.terminal_notifier': Not used on non-Darwin systems
[1.676s] INFO:colcon.colcon_core.plugin_system:Skipping extension 'colcon_notification.desktop_notification.win32': Not used on non-Windows systems
[1.676s] INFO:colcon.colcon_notification.desktop_notification:Sending desktop notification using 'notify2'
[1.696s] DEBUG:colcon.colcon_core.event_reactor:joined thread
[1.696s] INFO:colcon.colcon_core.shell:Creating prefix script '/home/ubuntu/Workspace/final_project/autonomous-driving-project/ros2_client/install/local_setup.ps1'
[1.698s] INFO:colcon.colcon_core.shell:Creating prefix util module '/home/ubuntu/Workspace/final_project/autonomous-driving-project/ros2_client/install/_local_setup_util_ps1.py'
[1.700s] INFO:colcon.colcon_core.shell:Creating prefix chain script '/home/ubuntu/Workspace/final_project/autonomous-driving-project/ros2_client/install/setup.ps1'
[1.702s] INFO:colcon.colcon_core.shell:Creating prefix script '/home/ubuntu/Workspace/final_project/autonomous-driving-project/ros2_client/install/local_setup.sh'
[1.704s] INFO:colcon.colcon_core.shell:Creating prefix util module '/home/ubuntu/Workspace/final_project/autonomous-driving-project/ros2_client/install/_local_setup_util_sh.py'
[1.706s] INFO:colcon.colcon_core.shell:Creating prefix chain script '/home/ubuntu/Workspace/final_project/autonomous-driving-project/ros2_client/install/setup.sh'
[1.710s] INFO:colcon.colcon_core.shell:Creating prefix script '/home/ubuntu/Workspace/final_project/autonomous-driving-project/ros2_client/install/local_setup.bash'
[1.711s] INFO:colcon.colcon_core.shell:Creating prefix chain script '/home/ubuntu/Workspace/final_project/autonomous-driving-project/ros2_client/install/setup.bash'
[1.713s] INFO:colcon.colcon_core.shell:Creating prefix script '/home/ubuntu/Workspace/final_project/autonomous-driving-project/ros2_client/install/local_setup.zsh'
[1.715s] INFO:colcon.colcon_core.shell:Creating prefix chain script '/home/ubuntu/Workspace/final_project/autonomous-driving-project/ros2_client/install/setup.zsh'
